baseApplication	System.ServiceModel.Security.SecurityNegotiationException: Secure channel cannot be opened because security negotiation with the remote endpoint has failed. This may be due to absent or incorrectly specified EndpointIdentity in the EndpointAddress used to create the channel. Please verify the EndpointIdentity specified or implied by the EndpointAddress correctly identifies the remote endpoint.  ---> System.ServiceModel.FaultException: The request for security token has invalid or malformed elements.
   at System.ServiceModel.Security.SecurityUtils.ThrowIfNegotiationFault(Message message, EndpointAddress target)
   at System.ServiceModel.Security.SspiNegotiationTokenProvider.GetNextOutgoingMessageBody(Message incomingMessage, SspiNegotiationTokenProviderState sspiState)
   --- End of inner exception stack trace ---

Server stack trace: 
   at System.ServiceModel.Security.IssuanceTokenProviderBase`1.DoNegotiation(TimeSpan timeout)
   at System.ServiceModel.Security.SspiNegotiationTokenProvider.OnOpen(TimeSpan timeout)
   at System.ServiceModel.Security.WrapperSecurityCommunicationObject.OnOpen(TimeSpan timeout)
   at System.ServiceModel.Channels.CommunicationObject.Open(TimeSpan timeout)
   at System.ServiceModel.Security.CommunicationObjectSecurityTokenProvider.Open(TimeSpan timeout)
   at System.ServiceModel.Security.SecurityUtils.OpenTokenProviderIfRequired(SecurityTokenProvider tokenProvider, TimeSpan timeout)
   at System.ServiceModel.Security.SymmetricSecurityProtocol.OnOpen(TimeSpan timeout)
   at System.ServiceModel.Security.WrapperSecurityCommunicationObject.OnOpen(TimeSpan timeout)
   at System.ServiceModel.Channels.CommunicationObject.Open(TimeSpan timeout)
   at System.ServiceModel.Channels.SecurityChannelFactory`1.ClientSecurityChannel`1.OnOpen(TimeSpan timeout)
   at System.ServiceModel.Channels.CommunicationObject.Open(TimeSpan timeout)
   at System.ServiceModel.Security.SecuritySessionSecurityTokenProvider.DoOperation(SecuritySessionOperation operation, EndpointAddress target, Uri via, SecurityToken currentToken, TimeSpan timeout)
   at System.ServiceModel.Security.SecuritySessionSecurityTokenProvider.GetTokenCore(TimeSpan timeout)
   at System.IdentityModel.Selectors.SecurityTokenProvider.GetToken(TimeSpan timeout)
   at System.ServiceModel.Security.SecuritySessionClientSettings`1.ClientSecuritySessionChannel.OnOpen(TimeSpan timeout)
   at System.ServiceModel.Channels.CommunicationObject.Open(TimeSpan timeout)
   at System.ServiceModel.Channels.ServiceChannel.OnOpen(TimeSpan timeout)
   at System.ServiceModel.Channels.CommunicationObject.Open(TimeSpan timeout)

Exception rethrown at [0]: 
   at System.Runtime.Remoting.Proxies.RealProxy.HandleReturnMessage(IMessage reqMsg, IMessage retMsg)
   at System.Runtime.Remoting.Proxies.RealProxy.PrivateInvoke(MessageData& msgData, Int32 type)
   at System.ServiceModel.ICommunicationObject.Open(TimeSpan timeout)
   at System.ServiceModel.ClientBase`1.System.ServiceModel.ICommunicationObject.Open(TimeSpan timeout)
   at System.ServiceModel.ClientBase`1.Open()
   at DataAccess.Libs.OpenConnection(wsConnectionInfo wsInfo) in D:\work\stockProject\code\dataAccess\dataLibs.cs:line 109
   at DataAccess.Libs.OpenConnection() in D:\work\stockProject\code\dataAccess\dataLibs.cs:line 51
   at DataAccess.Libs.get_myClient() in D:\work\stockProject\code\dataAccess\dataLibs.cs:line 37
   at DataAccess.Libs.Load_Global_Settings() in D:\work\stockProject\code\dataAccess\dataLibs.cs:line 822
   at baseClass.forms.baseApplication.LoadAppConfig() in D:\work\stockProject\code\baseClass\forms\baseApplication.cs:line 47
   at client.main.LoadAppConfig() in D:\work\stockProject\code\client\main.cs:line 350
baseApplication	System.ServiceModel.FaultException`1[System.ServiceModel.ExceptionDetail]: Cannot open database "stock" requested by the login. The login failed.
Login failed for user 'sa'. (Fault Detail is equal to An ExceptionDetail, likely created by IncludeExceptionDetailInFaults=true, whose value is:
System.Data.SqlClient.SqlException: Cannot open database "stock" requested by the login. The login failed.
Login failed for user 'sa'.
   at System.Data.SqlClient.SqlInternalConnection.OnError(SqlException exception, Boolean breakConnection)
   at System.Data.SqlClient.TdsParser.ThrowExceptionAndWarning(TdsParserStateObject stateObj)
   at System.Data.SqlClient.TdsParser.Run(RunBehavior runBehavior, SqlCommand cmdHandler, SqlDataReader dataStream, BulkCopySimpleResultSet bulkCopyHandler, TdsParserStateObject stateObj)
   at System.Data.SqlClient.SqlInternalConnectionTds.CompleteLogin(Boolean enlistOK)
   at System.Data.SqlClient.SqlInternalConnectionTds.AttemptOneLogin(ServerInfo serverInfo, String newPassword, Boolean ignoreSniOpenTimeout, Int64 timerExpire, SqlConnection owningObject)
   at System.Data.SqlClient.SqlInternalConnectionTds.LoginNoFailover(String host, String newPassword, Boolean redirectedUserIn...).
main	System.InvalidOperationException: Invoke or BeginInvoke cannot be called on a control until the window handle has been created.
   at System.Windows.Forms.Control.MarshaledInvoke(Control caller, Delegate method, Object[] args, Boolean synchronous)
   at System.Windows.Forms.Control.Invoke(Delegate method, Object[] args)
   at System.Windows.Forms.Control.Invoke(Delegate method)
   at common.PleaseWait.Dispose() in D:\work\ketoan-moi\code\common\libs\waiting.cs:line 49
   at client.main.StartupForms() in D:\work\stockProject\code\client\main.cs:line 426
   at client.main.main_Load(Object sender, EventArgs e) in D:\work\stockProject\code\client\main.cs:line 1376
baseApplication	System.ServiceModel.EndpointNotFoundException: Could not connect to http://localhost/DataLibs.svc. TCP error code 10061: No connection could be made because the target machine actively refused it 127.0.0.1:80.  ---> System.Net.WebException: Unable to connect to the remote server ---> System.Net.Sockets.SocketException: No connection could be made because the target machine actively refused it 127.0.0.1:80
   at System.Net.Sockets.Socket.DoConnect(EndPoint endPointSnapshot, SocketAddress socketAddress)
   at System.Net.Sockets.Socket.InternalConnect(EndPoint remoteEP)
   at System.Net.ServicePoint.ConnectSocketInternal(Boolean connectFailure, Socket s4, Socket s6, Socket& socket, IPAddress& address, ConnectSocketState state, IAsyncResult asyncResult, Int32 timeout, Exception& exception)
   --- End of inner exception stack trace ---
   at System.Net.HttpWebRequest.GetRequestStream()
   at System.ServiceModel.Channels.HttpOutput.WebRequestHttpOutput.GetOutputStream()
   --- End of inner exception stack trace ---

Server stack trace: 
   at System.ServiceModel.Security.IssuanceTokenProviderBase`1.DoNegotiation(TimeSpan timeout)
   at System.ServiceModel.Security.SspiNegotiationTokenProvider.OnOpen(TimeSpan timeout)
   at System.ServiceModel.Security.WrapperSecurityCommunicationObject.OnOpen(TimeSpan timeout)
   at System.ServiceModel.Channels.CommunicationObject.Open(TimeSpan timeout)
   at System.ServiceModel.Security.CommunicationObjectSecurityTokenProvider.Open(TimeSpan timeout)
   at System.ServiceModel.Security.SecurityUtils.OpenTokenProviderIfRequired(SecurityTokenProvider tokenProvider, TimeSpan timeout)
   at System.ServiceModel.Security.SymmetricSecurityProtocol.OnOpen(TimeSpan timeout)
   at System.ServiceModel.Security.WrapperSecurityCommunicationObject.OnOpen(TimeSpan timeout)
   at System.ServiceModel.Channels.CommunicationObject.Open(TimeSpan timeout)
   at System.ServiceModel.Channels.SecurityChannelFactory`1.ClientSecurityChannel`1.OnOpen(TimeSpan timeout)
   at System.ServiceModel.Channels.CommunicationObject.Open(TimeSpan timeout)
   at System.ServiceModel.Security.SecuritySessionSecurityTokenProvider.DoOperation(SecuritySessionOperation operation, EndpointAddress target, Uri via, SecurityToken currentToken, TimeSpan timeout)
   at System.ServiceModel.Security.SecuritySessionSecurityTokenProvider.GetTokenCore(TimeSpan timeout)
   at System.IdentityModel.Selectors.SecurityTokenProvider.GetToken(TimeSpan timeout)
   at System.ServiceModel.Security.SecuritySessionClientSettings`1.ClientSecuritySessionChannel.OnOpen(TimeSpan timeout)
   at System.ServiceModel.Channels.CommunicationObject.Open(TimeSpan timeout)
   at System.ServiceModel.Channels.ServiceChannel.OnOpen(TimeSpan timeout)
   at System.ServiceModel.Channels.CommunicationObject.Open(TimeSpan timeout)

Exception rethrown at [0]: 
   at System.Runtime.Remoting.Proxies.RealProxy.HandleReturnMessage(IMessage reqMsg, IMessage retMsg)
   at System.Runtime.Remoting.Proxies.RealProxy.PrivateInvoke(MessageData& msgData, Int32 type)
   at System.ServiceModel.ICommunicationObject.Open(TimeSpan timeout)
   at System.ServiceModel.ClientBase`1.System.ServiceModel.ICommunicationObject.Open(TimeSpan timeout)
   at System.ServiceModel.ClientBase`1.Open()
   at DataAccess.Libs.OpenConnection(wsConnectionInfo wsInfo) in D:\work\stockProject\code\dataAccess\dataLibs.cs:line 109
   at DataAccess.Libs.OpenConnection() in D:\work\stockProject\code\dataAccess\dataLibs.cs:line 51
   at DataAccess.Libs.get_myClient() in D:\work\stockProject\code\dataAccess\dataLibs.cs:line 37
   at DataAccess.Libs.Load_Global_Settings() in D:\work\stockProject\code\dataAccess\dataLibs.cs:line 822
   at baseClass.forms.baseApplication.LoadAppConfig() in D:\work\stockProject\code\baseClass\forms\baseApplication.cs:line 47
   at client.main.LoadAppConfig() in D:\work\stockProject\code\client\main.cs:line 350
main	System.Reflection.TargetInvocationException: Exception has been thrown by the target of an invocation. ---> System.ServiceModel.EndpointNotFoundException: Could not connect to http://localhost/DataLibs.svc. TCP error code 10061: No connection could be made because the target machine actively refused it 127.0.0.1:80.  ---> System.Net.WebException: Unable to connect to the remote server ---> System.Net.Sockets.SocketException: No connection could be made because the target machine actively refused it 127.0.0.1:80
   at System.Net.Sockets.Socket.DoConnect(EndPoint endPointSnapshot, SocketAddress socketAddress)
   at System.Net.Sockets.Socket.InternalConnect(EndPoint remoteEP)
   at System.Net.ServicePoint.ConnectSocketInternal(Boolean connectFailure, Socket s4, Socket s6, Socket& socket, IPAddress& address, ConnectSocketState state, IAsyncResult asyncResult, Int32 timeout, Exception& exception)
   --- End of inner exception stack trace ---
   at System.Net.HttpWebRequest.GetRequestStream()
   at System.ServiceModel.Channels.HttpOutput.WebRequestHttpOutput.GetOutputStream()
   --- End of inner exception stack trace ---

Server stack trace: 
   at System.ServiceModel.Security.IssuanceTokenProviderBase`1.DoNegotiation(TimeSpan timeout)
   at System.ServiceModel.Security.SspiNegotiationTokenProvider.OnOpen(TimeSpan timeout)
   at System.ServiceModel.Security.WrapperSecurityCommunicationObject.OnOpen(TimeSpan timeout)
   at System.ServiceModel.Channels.CommunicationObject.Open(TimeSpan timeout)
   at System.ServiceModel.Security.CommunicationObjectSecurityTokenProvider.Open(TimeSpan timeout)
   at System.ServiceModel.Security.SecurityUtils.OpenTokenProviderIfRequired(SecurityTokenProvider tokenProvider, TimeSpan timeout)
   at System.ServiceModel.Security.SymmetricSecurityProtocol.OnOpen(TimeSpan timeout)
   at System.ServiceModel.Security.WrapperSecurityCommunicationObject.OnOpen(TimeSpan timeout)
   at System.ServiceModel.Channels.CommunicationObject.Open(TimeSpan timeout)
   at System.ServiceModel.Channels.SecurityChannelFactory`1.ClientSecurityChannel`1.OnOpen(TimeSpan timeout)
   at System.ServiceModel.Channels.CommunicationObject.Open(TimeSpan timeout)
   at System.ServiceModel.Security.SecuritySessionSecurityTokenProvider.DoOperation(SecuritySessionOperation operation, EndpointAddress target, Uri via, SecurityToken currentToken, TimeSpan timeout)
   at System.ServiceModel.Security.SecuritySessionSecurityTokenProvider.GetTokenCore(TimeSpan timeout)
   at System.IdentityModel.Selectors.SecurityTokenProvider.GetToken(TimeSpan timeout)
   at System.ServiceModel.Security.SecuritySessionClientSettings`1.ClientSecuritySessionChannel.OnOpen(TimeSpan timeout)
   at System.ServiceModel.Channels.CommunicationObject.Open(TimeSpan timeout)
   at System.ServiceModel.Channels.ServiceChannel.OnOpen(TimeSpan timeout)
   at System.ServiceModel.Channels.CommunicationObject.Open(TimeSpan timeout)

Exception rethrown at [0]: 
   at System.Runtime.Remoting.Proxies.RealProxy.HandleReturnMessage(IMessage reqMsg, IMessage retMsg)
   at System.Runtime.Remoting.Proxies.RealProxy.PrivateInvoke(MessageData& msgData, Int32 type)
   at System.ServiceModel.ICommunicationObject.Open(TimeSpan timeout)
   at System.ServiceModel.ClientBase`1.System.ServiceModel.ICommunicationObject.Open(TimeSpan timeout)
   at System.ServiceModel.ClientBase`1.Open()
   at DataAccess.Libs.OpenConnection(wsConnectionInfo wsInfo) in D:\work\stockProject\code\dataAccess\dataLibs.cs:line 109
   at DataAccess.Libs.OpenConnection() in D:\work\stockProject\code\dataAccess\dataLibs.cs:line 51
   at DataAccess.Libs.get_myClient() in D:\work\stockProject\code\dataAccess\dataLibs.cs:line 37
   at DataAccess.Libs.GetXml(String fileName) in D:\work\stockProject\code\dataAccess\dataLibs.cs:line 814
   at application.Indicators.Data.get_sysXmlDocument() in D:\work\stockProject\code\application\IndicatorLibs.cs:line 42
   at application.Indicators.Meta.GetMeta(Meta meta) in D:\work\stockProject\code\application\IndicatorLibs.cs:line 252
   at application.Indicators.Helpers.Init(Type indicatorType, Type indicatorFormType, String typeName, Type inputDataType) in D:\work\stockProject\code\application\IndicatorLibs.cs:line 119
   at application.Indicators.Helpers.Init(Type indicatorType, Type indicatorFormType, Type inputDataType) in D:\work\stockProject\code\application\IndicatorLibs.cs:line 123
   at Indicators.BopHelper..ctor() in D:\work\stockProject\code\indicators\class\Bop.cs:line 19
   --- End of inner exception stack trace ---
   at System.RuntimeTypeHandle.CreateInstance(RuntimeType type, Boolean publicOnly, Boolean noCheck, Boolean& canBeCached, RuntimeMethodHandle& ctor, Boolean& bNeedSecurityCheck)
   at System.RuntimeType.CreateInstanceSlow(Boolean publicOnly, Boolean fillCache)
   at System.RuntimeType.CreateInstanceImpl(Boolean publicOnly, Boolean skipVisibilityChecks, Boolean fillCache)
   at System.Activator.CreateInstance(Type type, Boolean nonPublic)
   at System.Activator.CreateInstance(Type type)
   at application.Indicators.Libs.GetMeta(Assembly indicatorAss, DictionaryList MetaList) in D:\work\stockProject\code\application\IndicatorLibs.cs:line 486
   at application.Indicators.Libs.GetMeta(String assemblyFile, DictionaryList MetaList) in D:\work\stockProject\code\application\IndicatorLibs.cs:line 474
   at application.Indicators.Libs.GetMeta(String path, String files, DictionaryList MetaList) in D:\work\stockProject\code\application\IndicatorLibs.cs:line 506
   at application.Indicators.Data.get_Metas() in D:\work\stockProject\code\application\IndicatorLibs.cs:line 103
   at application.Indicators.Libs.CreateIndicatorMenu(ToolStripMenuItem toMenu, EventHandler ShowIndicatorHandler) in D:\work\stockProject\code\application\IndicatorLibs.cs:line 561
   at client.main.SetLanguage() in D:\work\stockProject\code\client\main.cs:line 224
baseApplication	System.ServiceModel.EndpointNotFoundException: Could not connect to http://localhost/DataLibs.svc. TCP error code 10061: No connection could be made because the target machine actively refused it 127.0.0.1:80.  ---> System.Net.WebException: Unable to connect to the remote server ---> System.Net.Sockets.SocketException: No connection could be made because the target machine actively refused it 127.0.0.1:80
   at System.Net.Sockets.Socket.DoConnect(EndPoint endPointSnapshot, SocketAddress socketAddress)
   at System.Net.Sockets.Socket.InternalConnect(EndPoint remoteEP)
   at System.Net.ServicePoint.ConnectSocketInternal(Boolean connectFailure, Socket s4, Socket s6, Socket& socket, IPAddress& address, ConnectSocketState state, IAsyncResult asyncResult, Int32 timeout, Exception& exception)
   --- End of inner exception stack trace ---
   at System.Net.HttpWebRequest.GetRequestStream()
   at System.ServiceModel.Channels.HttpOutput.WebRequestHttpOutput.GetOutputStream()
   --- End of inner exception stack trace ---

Server stack trace: 
   at System.ServiceModel.Security.IssuanceTokenProviderBase`1.DoNegotiation(TimeSpan timeout)
   at System.ServiceModel.Security.SspiNegotiationTokenProvider.OnOpen(TimeSpan timeout)
   at System.ServiceModel.Security.WrapperSecurityCommunicationObject.OnOpen(TimeSpan timeout)
   at System.ServiceModel.Channels.CommunicationObject.Open(TimeSpan timeout)
   at System.ServiceModel.Security.CommunicationObjectSecurityTokenProvider.Open(TimeSpan timeout)
   at System.ServiceModel.Security.SecurityUtils.OpenTokenProviderIfRequired(SecurityTokenProvider tokenProvider, TimeSpan timeout)
   at System.ServiceModel.Security.SymmetricSecurityProtocol.OnOpen(TimeSpan timeout)
   at System.ServiceModel.Security.WrapperSecurityCommunicationObject.OnOpen(TimeSpan timeout)
   at System.ServiceModel.Channels.CommunicationObject.Open(TimeSpan timeout)
   at System.ServiceModel.Channels.SecurityChannelFactory`1.ClientSecurityChannel`1.OnOpen(TimeSpan timeout)
   at System.ServiceModel.Channels.CommunicationObject.Open(TimeSpan timeout)
   at System.ServiceModel.Security.SecuritySessionSecurityTokenProvider.DoOperation(SecuritySessionOperation operation, EndpointAddress target, Uri via, SecurityToken currentToken, TimeSpan timeout)
   at System.ServiceModel.Security.SecuritySessionSecurityTokenProvider.GetTokenCore(TimeSpan timeout)
   at System.IdentityModel.Selectors.SecurityTokenProvider.GetToken(TimeSpan timeout)
   at System.ServiceModel.Security.SecuritySessionClientSettings`1.ClientSecuritySessionChannel.OnOpen(TimeSpan timeout)
   at System.ServiceModel.Channels.CommunicationObject.Open(TimeSpan timeout)
   at System.ServiceModel.Channels.ServiceChannel.OnOpen(TimeSpan timeout)
   at System.ServiceModel.Channels.CommunicationObject.Open(TimeSpan timeout)

Exception rethrown at [0]: 
   at System.Runtime.Remoting.Proxies.RealProxy.HandleReturnMessage(IMessage reqMsg, IMessage retMsg)
   at System.Runtime.Remoting.Proxies.RealProxy.PrivateInvoke(MessageData& msgData, Int32 type)
   at System.ServiceModel.ICommunicationObject.Open(TimeSpan timeout)
   at System.ServiceModel.ClientBase`1.System.ServiceModel.ICommunicationObject.Open(TimeSpan timeout)
   at System.ServiceModel.ClientBase`1.Open()
   at DataAccess.Libs.OpenConnection(wsConnectionInfo wsInfo) in D:\work\stockProject\code\dataAccess\dataLibs.cs:line 109
   at DataAccess.Libs.OpenConnection() in D:\work\stockProject\code\dataAccess\dataLibs.cs:line 51
   at DataAccess.Libs.get_myClient() in D:\work\stockProject\code\dataAccess\dataLibs.cs:line 37
   at DataAccess.Libs.Load_Global_Settings() in D:\work\stockProject\code\dataAccess\dataLibs.cs:line 822
   at baseClass.forms.baseApplication.LoadAppConfig() in D:\work\stockProject\code\baseClass\forms\baseApplication.cs:line 47
   at client.main.LoadAppConfig() in D:\work\stockProject\code\client\main.cs:line 350
main	System.InvalidOperationException: Invoke or BeginInvoke cannot be called on a control until the window handle has been created.
   at System.Windows.Forms.Control.MarshaledInvoke(Control caller, Delegate method, Object[] args, Boolean synchronous)
   at System.Windows.Forms.Control.Invoke(Delegate method, Object[] args)
   at System.Windows.Forms.Control.Invoke(Delegate method)
   at common.PleaseWait.Dispose() in D:\work\ketoan-moi\code\common\libs\waiting.cs:line 49
   at client.main.StartupForms() in D:\work\stockProject\code\client\main.cs:line 426
   at client.main.main_Load(Object sender, EventArgs e) in D:\work\stockProject\code\client\main.cs:line 1376
main	System.ServiceModel.Security.MessageSecurityException: An unsecured or incorrectly secured fault was received from the other party. See the inner FaultException for the fault code and detail. ---> System.ServiceModel.FaultException: The message could not be processed. This is most likely because the action 'http://tempuri.org/IStockService/GetStockByStatus' is incorrect or because the message contains an invalid or expired security context token or because there is a mismatch between bindings. The security context token would be invalid if the service aborted the channel due to inactivity. To prevent the service from aborting idle sessions prematurely increase the Receive timeout on the service endpoint's binding.
   --- End of inner exception stack trace ---

Server stack trace: 
   at System.ServiceModel.Security.SecuritySessionClientSettings`1.SecurityRequestSessionChannel.ProcessReply(Message reply, TimeSpan timeout, SecurityProtocolCorrelationState correlationState)
   at System.ServiceModel.Security.SecuritySessionClientSettings`1.SecurityRequestSessionChannel.Request(Message message, TimeSpan timeout)
   at System.ServiceModel.Dispatcher.RequestChannelBinder.Request(Message message, TimeSpan timeout)
   at System.ServiceModel.Channels.ServiceChannel.Call(String action, Boolean oneway, ProxyOperationRuntime operation, Object[] ins, Object[] outs, TimeSpan timeout)
   at System.ServiceModel.Channels.ServiceChannel.Call(String action, Boolean oneway, ProxyOperationRuntime operation, Object[] ins, Object[] outs)
   at System.ServiceModel.Channels.ServiceChannelProxy.InvokeService(IMethodCallMessage methodCall, ProxyOperationRuntime operation)
   at System.ServiceModel.Channels.ServiceChannelProxy.Invoke(IMessage message)

Exception rethrown at [0]: 
   at System.Runtime.Remoting.Proxies.RealProxy.HandleReturnMessage(IMessage reqMsg, IMessage retMsg)
   at System.Runtime.Remoting.Proxies.RealProxy.PrivateInvoke(MessageData& msgData, Int32 type)
   at DataAccess.ServiceReference1.IStockService.GetStockByStatus(CommonStatus status)
   at DataAccess.ServiceReference1.StockServiceClient.GetStockByStatus(CommonStatus status) in D:\work\stockProject\code\dataAccess\serviceReferences\ServiceReference1\Reference.cs:line 562
   at DataAccess.Libs.get_myStockCodeTbl() in D:\work\stockProject\code\dataAccess\dataLibs.cs:line 211
   at client.main.ShowStockChart(String stockCode, TimeRanges timeRange, TimeScale timeScale) in D:\work\stockProject\code\client\main.cs:line 834
   at client.main.ShowStockHandler(String stockCode, TimeRanges timeRange, TimeScale timeScale) in D:\work\stockProject\code\client\main.cs:line 1011
main	System.Xml.XPath.XPathException: Expression must evaluate to a node-set.
   at MS.Internal.Xml.XPath.XPathParser.ParseNodeTest(AstNode qyInput, AxisType axisType, XPathNodeType nodeType)
   at MS.Internal.Xml.XPath.XPathParser.ParseStep(AstNode qyInput)
   at MS.Internal.Xml.XPath.XPathParser.ParseRelativeLocationPath(AstNode qyInput)
   at MS.Internal.Xml.XPath.XPathParser.ParseRelativeLocationPath(AstNode qyInput)
   at MS.Internal.Xml.XPath.XPathParser.ParseLocationPath(AstNode qyInput)
   at MS.Internal.Xml.XPath.XPathParser.ParsePathExpr(AstNode qyInput)
   at MS.Internal.Xml.XPath.XPathParser.ParseUnionExpr(AstNode qyInput)
   at MS.Internal.Xml.XPath.XPathParser.ParseUnaryExpr(AstNode qyInput)
   at MS.Internal.Xml.XPath.XPathParser.ParseMultiplicativeExpr(AstNode qyInput)
   at MS.Internal.Xml.XPath.XPathParser.ParseAdditiveExpr(AstNode qyInput)
   at MS.Internal.Xml.XPath.XPathParser.ParseRelationalExpr(AstNode qyInput)
   at MS.Internal.Xml.XPath.XPathParser.ParseEqualityExpr(AstNode qyInput)
   at MS.Internal.Xml.XPath.XPathParser.ParseAndExpr(AstNode qyInput)
   at MS.Internal.Xml.XPath.XPathParser.ParseOrExpr(AstNode qyInput)
   at MS.Internal.Xml.XPath.XPathParser.ParseXPathExpresion(String xpathExpresion)
   at MS.Internal.Xml.XPath.QueryBuilder.Build(String query, Boolean allowVar, Boolean allowKey)
   at MS.Internal.Xml.XPath.QueryBuilder.Build(String query, Boolean& needContext)
   at System.Xml.XPath.XPathExpression.Compile(String xpath, IXmlNamespaceResolver nsResolver)
   at System.Xml.XPath.XPathNavigator.Select(String xpath)
   at System.Xml.XmlNode.SelectNodes(String xpath)
   at common.xmlLibs.GetXML(XmlDocument xmlDoc, String xmlPath, String key) in D:\work\ketoan-moi\code\common\libs\xml.cs:line 113
   at common.xmlLibs.GetXML(XmlDocument xmlDoc, String[] nodeNames, String key) in D:\work\ketoan-moi\code\common\libs\xml.cs:line 109
   at common.configuration.GetConfiguration(XmlDocument XMLDoc, String subNode, String childNode, StringCollection aFields, Boolean useEncryption) in D:\work\ketoan-moi\code\common\libs\config.cs:line 97
   at common.configuration.GetConfiguration(String XMLFile, String subNode, String childNode, StringCollection aFields, Boolean useEncryption) in D:\work\ketoan-moi\code\common\libs\config.cs:line 113
   at commonClass.Configuration.GetUserSettings(String type, StringCollection aFields) in D:\work\stockProject\code\commonClass\system.cs:line 413
   at application.Strategy.Libs.GetUserSettings(Meta meta) in D:\work\stockProject\code\application\StrategyLibs.cs:line 921
   at application.Strategy.Libs.ShowStrategyForm(Meta meta) in D:\work\stockProject\code\application\StrategyLibs.cs:line 912
   at client.main.StrategyParaEditHandler(Object sender, EventArgs e) in D:\work\stockProject\code\client\main.cs:line 971
main	System.Xml.XPath.XPathException: Expression must evaluate to a node-set.
   at MS.Internal.Xml.XPath.XPathParser.ParseNodeTest(AstNode qyInput, AxisType axisType, XPathNodeType nodeType)
   at MS.Internal.Xml.XPath.XPathParser.ParseStep(AstNode qyInput)
   at MS.Internal.Xml.XPath.XPathParser.ParseRelativeLocationPath(AstNode qyInput)
   at MS.Internal.Xml.XPath.XPathParser.ParseRelativeLocationPath(AstNode qyInput)
   at MS.Internal.Xml.XPath.XPathParser.ParseLocationPath(AstNode qyInput)
   at MS.Internal.Xml.XPath.XPathParser.ParsePathExpr(AstNode qyInput)
   at MS.Internal.Xml.XPath.XPathParser.ParseUnionExpr(AstNode qyInput)
   at MS.Internal.Xml.XPath.XPathParser.ParseUnaryExpr(AstNode qyInput)
   at MS.Internal.Xml.XPath.XPathParser.ParseMultiplicativeExpr(AstNode qyInput)
   at MS.Internal.Xml.XPath.XPathParser.ParseAdditiveExpr(AstNode qyInput)
   at MS.Internal.Xml.XPath.XPathParser.ParseRelationalExpr(AstNode qyInput)
   at MS.Internal.Xml.XPath.XPathParser.ParseEqualityExpr(AstNode qyInput)
   at MS.Internal.Xml.XPath.XPathParser.ParseAndExpr(AstNode qyInput)
   at MS.Internal.Xml.XPath.XPathParser.ParseOrExpr(AstNode qyInput)
   at MS.Internal.Xml.XPath.XPathParser.ParseXPathExpresion(String xpathExpresion)
   at MS.Internal.Xml.XPath.QueryBuilder.Build(String query, Boolean allowVar, Boolean allowKey)
   at MS.Internal.Xml.XPath.QueryBuilder.Build(String query, Boolean& needContext)
   at System.Xml.XPath.XPathExpression.Compile(String xpath, IXmlNamespaceResolver nsResolver)
   at System.Xml.XPath.XPathNavigator.Select(String xpath)
   at System.Xml.XmlNode.SelectNodes(String xpath)
   at common.xmlLibs.GetXML(XmlDocument xmlDoc, String xmlPath, String key) in D:\work\ketoan-moi\code\common\libs\xml.cs:line 113
   at common.xmlLibs.GetXML(XmlDocument xmlDoc, String[] nodeNames, String key) in D:\work\ketoan-moi\code\common\libs\xml.cs:line 109
   at common.configuration.GetConfiguration(XmlDocument XMLDoc, String subNode, String childNode, StringCollection aFields, Boolean useEncryption) in D:\work\ketoan-moi\code\common\libs\config.cs:line 97
   at common.configuration.GetConfiguration(String XMLFile, String subNode, String childNode, StringCollection aFields, Boolean useEncryption) in D:\work\ketoan-moi\code\common\libs\config.cs:line 113
   at commonClass.Configuration.GetUserSettings(String type, StringCollection aFields) in D:\work\stockProject\code\commonClass\system.cs:line 413
   at application.Strategy.Libs.GetUserSettings(Meta meta) in D:\work\stockProject\code\application\StrategyLibs.cs:line 921
   at application.Strategy.Libs.ShowStrategyForm(Meta meta) in D:\work\stockProject\code\application\StrategyLibs.cs:line 912
   at client.main.StrategyParaEditHandler(Object sender, EventArgs e) in D:\work\stockProject\code\client\main.cs:line 971
main	System.Xml.XPath.XPathException: Expression must evaluate to a node-set.
   at MS.Internal.Xml.XPath.XPathParser.ParseNodeTest(AstNode qyInput, AxisType axisType, XPathNodeType nodeType)
   at MS.Internal.Xml.XPath.XPathParser.ParseStep(AstNode qyInput)
   at MS.Internal.Xml.XPath.XPathParser.ParseRelativeLocationPath(AstNode qyInput)
   at MS.Internal.Xml.XPath.XPathParser.ParseRelativeLocationPath(AstNode qyInput)
   at MS.Internal.Xml.XPath.XPathParser.ParseLocationPath(AstNode qyInput)
   at MS.Internal.Xml.XPath.XPathParser.ParsePathExpr(AstNode qyInput)
   at MS.Internal.Xml.XPath.XPathParser.ParseUnionExpr(AstNode qyInput)
   at MS.Internal.Xml.XPath.XPathParser.ParseUnaryExpr(AstNode qyInput)
   at MS.Internal.Xml.XPath.XPathParser.ParseMultiplicativeExpr(AstNode qyInput)
   at MS.Internal.Xml.XPath.XPathParser.ParseAdditiveExpr(AstNode qyInput)
   at MS.Internal.Xml.XPath.XPathParser.ParseRelationalExpr(AstNode qyInput)
   at MS.Internal.Xml.XPath.XPathParser.ParseEqualityExpr(AstNode qyInput)
   at MS.Internal.Xml.XPath.XPathParser.ParseAndExpr(AstNode qyInput)
   at MS.Internal.Xml.XPath.XPathParser.ParseOrExpr(AstNode qyInput)
   at MS.Internal.Xml.XPath.XPathParser.ParseXPathExpresion(String xpathExpresion)
   at MS.Internal.Xml.XPath.QueryBuilder.Build(String query, Boolean allowVar, Boolean allowKey)
   at MS.Internal.Xml.XPath.QueryBuilder.Build(String query, Boolean& needContext)
   at System.Xml.XPath.XPathExpression.Compile(String xpath, IXmlNamespaceResolver nsResolver)
   at System.Xml.XPath.XPathNavigator.Select(String xpath)
   at System.Xml.XmlNode.SelectNodes(String xpath)
   at common.xmlLibs.GetXML(XmlDocument xmlDoc, String xmlPath, String key) in D:\work\ketoan-moi\code\common\libs\xml.cs:line 113
   at common.xmlLibs.GetXML(XmlDocument xmlDoc, String[] nodeNames, String key) in D:\work\ketoan-moi\code\common\libs\xml.cs:line 109
   at common.configuration.GetConfiguration(XmlDocument XMLDoc, String subNode, String childNode, StringCollection aFields, Boolean useEncryption) in D:\work\ketoan-moi\code\common\libs\config.cs:line 97
   at common.configuration.GetConfiguration(String XMLFile, String subNode, String childNode, StringCollection aFields, Boolean useEncryption) in D:\work\ketoan-moi\code\common\libs\config.cs:line 113
   at commonClass.Configuration.GetUserSettings(String type, StringCollection aFields) in D:\work\stockProject\code\commonClass\system.cs:line 413
   at application.Strategy.Libs.GetUserSettings(Meta meta) in D:\work\stockProject\code\application\StrategyLibs.cs:line 921
   at application.Strategy.Libs.ShowStrategyForm(Meta meta) in D:\work\stockProject\code\application\StrategyLibs.cs:line 912
   at client.main.StrategyParaEditHandler(Object sender, EventArgs e) in D:\work\stockProject\code\client\main.cs:line 971
main	System.Xml.XPath.XPathException: Expression must evaluate to a node-set.
   at MS.Internal.Xml.XPath.XPathParser.ParseNodeTest(AstNode qyInput, AxisType axisType, XPathNodeType nodeType)
   at MS.Internal.Xml.XPath.XPathParser.ParseStep(AstNode qyInput)
   at MS.Internal.Xml.XPath.XPathParser.ParseRelativeLocationPath(AstNode qyInput)
   at MS.Internal.Xml.XPath.XPathParser.ParseRelativeLocationPath(AstNode qyInput)
   at MS.Internal.Xml.XPath.XPathParser.ParseLocationPath(AstNode qyInput)
   at MS.Internal.Xml.XPath.XPathParser.ParsePathExpr(AstNode qyInput)
   at MS.Internal.Xml.XPath.XPathParser.ParseUnionExpr(AstNode qyInput)
   at MS.Internal.Xml.XPath.XPathParser.ParseUnaryExpr(AstNode qyInput)
   at MS.Internal.Xml.XPath.XPathParser.ParseMultiplicativeExpr(AstNode qyInput)
   at MS.Internal.Xml.XPath.XPathParser.ParseAdditiveExpr(AstNode qyInput)
   at MS.Internal.Xml.XPath.XPathParser.ParseRelationalExpr(AstNode qyInput)
   at MS.Internal.Xml.XPath.XPathParser.ParseEqualityExpr(AstNode qyInput)
   at MS.Internal.Xml.XPath.XPathParser.ParseAndExpr(AstNode qyInput)
   at MS.Internal.Xml.XPath.XPathParser.ParseOrExpr(AstNode qyInput)
   at MS.Internal.Xml.XPath.XPathParser.ParseXPathExpresion(String xpathExpresion)
   at MS.Internal.Xml.XPath.QueryBuilder.Build(String query, Boolean allowVar, Boolean allowKey)
   at MS.Internal.Xml.XPath.QueryBuilder.Build(String query, Boolean& needContext)
   at System.Xml.XPath.XPathExpression.Compile(String xpath, IXmlNamespaceResolver nsResolver)
   at System.Xml.XPath.XPathNavigator.Select(String xpath)
   at System.Xml.XmlNode.SelectNodes(String xpath)
   at common.xmlLibs.GetXML(XmlDocument xmlDoc, String xmlPath, String key) in D:\work\ketoan-moi\code\common\libs\xml.cs:line 113
   at common.xmlLibs.GetXML(XmlDocument xmlDoc, String[] nodeNames, String key) in D:\work\ketoan-moi\code\common\libs\xml.cs:line 109
   at common.configuration.GetConfiguration(XmlDocument XMLDoc, String subNode, String childNode, StringCollection aFields, Boolean useEncryption) in D:\work\ketoan-moi\code\common\libs\config.cs:line 97
   at common.configuration.GetConfiguration(String XMLFile, String subNode, String childNode, StringCollection aFields, Boolean useEncryption) in D:\work\ketoan-moi\code\common\libs\config.cs:line 113
   at commonClass.Configuration.GetUserSettings(String type, StringCollection aFields) in D:\work\stockProject\code\commonClass\system.cs:line 413
   at application.Strategy.Libs.GetUserSettings(Meta meta) in D:\work\stockProject\code\application\StrategyLibs.cs:line 921
   at application.Strategy.Libs.ShowStrategyForm(Meta meta) in D:\work\stockProject\code\application\StrategyLibs.cs:line 912
   at client.main.StrategyParaEditHandler(Object sender, EventArgs e) in D:\work\stockProject\code\client\main.cs:line 970
main	System.Xml.XPath.XPathException: Expression must evaluate to a node-set.
   at MS.Internal.Xml.XPath.XPathParser.ParseNodeTest(AstNode qyInput, AxisType axisType, XPathNodeType nodeType)
   at MS.Internal.Xml.XPath.XPathParser.ParseStep(AstNode qyInput)
   at MS.Internal.Xml.XPath.XPathParser.ParseRelativeLocationPath(AstNode qyInput)
   at MS.Internal.Xml.XPath.XPathParser.ParseRelativeLocationPath(AstNode qyInput)
   at MS.Internal.Xml.XPath.XPathParser.ParseLocationPath(AstNode qyInput)
   at MS.Internal.Xml.XPath.XPathParser.ParsePathExpr(AstNode qyInput)
   at MS.Internal.Xml.XPath.XPathParser.ParseUnionExpr(AstNode qyInput)
   at MS.Internal.Xml.XPath.XPathParser.ParseUnaryExpr(AstNode qyInput)
   at MS.Internal.Xml.XPath.XPathParser.ParseMultiplicativeExpr(AstNode qyInput)
   at MS.Internal.Xml.XPath.XPathParser.ParseAdditiveExpr(AstNode qyInput)
   at MS.Internal.Xml.XPath.XPathParser.ParseRelationalExpr(AstNode qyInput)
   at MS.Internal.Xml.XPath.XPathParser.ParseEqualityExpr(AstNode qyInput)
   at MS.Internal.Xml.XPath.XPathParser.ParseAndExpr(AstNode qyInput)
   at MS.Internal.Xml.XPath.XPathParser.ParseOrExpr(AstNode qyInput)
   at MS.Internal.Xml.XPath.XPathParser.ParseXPathExpresion(String xpathExpresion)
   at MS.Internal.Xml.XPath.QueryBuilder.Build(String query, Boolean allowVar, Boolean allowKey)
   at MS.Internal.Xml.XPath.QueryBuilder.Build(String query, Boolean& needContext)
   at System.Xml.XPath.XPathExpression.Compile(String xpath, IXmlNamespaceResolver nsResolver)
   at System.Xml.XPath.XPathNavigator.Select(String xpath)
   at System.Xml.XmlNode.SelectNodes(String xpath)
   at common.xmlLibs.GetXML(XmlDocument xmlDoc, String xmlPath, String key) in D:\work\ketoan-moi\code\common\libs\xml.cs:line 113
   at common.xmlLibs.GetXML(XmlDocument xmlDoc, String[] nodeNames, String key) in D:\work\ketoan-moi\code\common\libs\xml.cs:line 109
   at common.configuration.GetConfiguration(XmlDocument XMLDoc, String subNode, String childNode, StringCollection aFields, Boolean useEncryption) in D:\work\ketoan-moi\code\common\libs\config.cs:line 97
   at common.configuration.GetConfiguration(String XMLFile, String subNode, String childNode, StringCollection aFields, Boolean useEncryption) in D:\work\ketoan-moi\code\common\libs\config.cs:line 113
   at commonClass.Configuration.GetUserSettings(String type, StringCollection aFields) in D:\work\stockProject\code\commonClass\system.cs:line 413
   at application.Strategy.Libs.GetUserSettings(Meta meta) in D:\work\stockProject\code\application\StrategyLibs.cs:line 921
   at application.Strategy.Libs.ShowStrategyForm(Meta meta) in D:\work\stockProject\code\application\StrategyLibs.cs:line 912
   at client.main.StrategyParaEditHandler(Object sender, EventArgs e) in D:\work\stockProject\code\client\main.cs:line 970
main	System.Xml.XPath.XPathException: Expression must evaluate to a node-set.
   at MS.Internal.Xml.XPath.XPathParser.ParseNodeTest(AstNode qyInput, AxisType axisType, XPathNodeType nodeType)
   at MS.Internal.Xml.XPath.XPathParser.ParseStep(AstNode qyInput)
   at MS.Internal.Xml.XPath.XPathParser.ParseRelativeLocationPath(AstNode qyInput)
   at MS.Internal.Xml.XPath.XPathParser.ParseRelativeLocationPath(AstNode qyInput)
   at MS.Internal.Xml.XPath.XPathParser.ParseLocationPath(AstNode qyInput)
   at MS.Internal.Xml.XPath.XPathParser.ParsePathExpr(AstNode qyInput)
   at MS.Internal.Xml.XPath.XPathParser.ParseUnionExpr(AstNode qyInput)
   at MS.Internal.Xml.XPath.XPathParser.ParseUnaryExpr(AstNode qyInput)
   at MS.Internal.Xml.XPath.XPathParser.ParseMultiplicativeExpr(AstNode qyInput)
   at MS.Internal.Xml.XPath.XPathParser.ParseAdditiveExpr(AstNode qyInput)
   at MS.Internal.Xml.XPath.XPathParser.ParseRelationalExpr(AstNode qyInput)
   at MS.Internal.Xml.XPath.XPathParser.ParseEqualityExpr(AstNode qyInput)
   at MS.Internal.Xml.XPath.XPathParser.ParseAndExpr(AstNode qyInput)
   at MS.Internal.Xml.XPath.XPathParser.ParseOrExpr(AstNode qyInput)
   at MS.Internal.Xml.XPath.XPathParser.ParseXPathExpresion(String xpathExpresion)
   at MS.Internal.Xml.XPath.QueryBuilder.Build(String query, Boolean allowVar, Boolean allowKey)
   at MS.Internal.Xml.XPath.QueryBuilder.Build(String query, Boolean& needContext)
   at System.Xml.XPath.XPathExpression.Compile(String xpath, IXmlNamespaceResolver nsResolver)
   at System.Xml.XPath.XPathNavigator.Select(String xpath)
   at System.Xml.XmlNode.SelectNodes(String xpath)
   at common.xmlLibs.GetXML(XmlDocument xmlDoc, String xmlPath, String key) in D:\work\ketoan-moi\code\common\libs\xml.cs:line 113
   at common.xmlLibs.GetXML(XmlDocument xmlDoc, String[] nodeNames, String key) in D:\work\ketoan-moi\code\common\libs\xml.cs:line 109
   at common.configuration.GetConfiguration(XmlDocument XMLDoc, String subNode, String childNode, StringCollection aFields, Boolean useEncryption) in D:\work\ketoan-moi\code\common\libs\config.cs:line 97
   at common.configuration.GetConfiguration(String XMLFile, String subNode, String childNode, StringCollection aFields, Boolean useEncryption) in D:\work\ketoan-moi\code\common\libs\config.cs:line 113
   at commonClass.Configuration.GetUserSettings(String type, StringCollection aFields) in D:\work\stockProject\code\commonClass\system.cs:line 413
   at application.Strategy.Libs.GetUserSettings(Meta meta) in D:\work\stockProject\code\application\StrategyLibs.cs:line 921
   at application.Strategy.Libs.ShowStrategyForm(Meta meta) in D:\work\stockProject\code\application\StrategyLibs.cs:line 912
   at client.main.StrategyParaEditHandler(Object sender, EventArgs e) in D:\work\stockProject\code\client\main.cs:line 970
main	System.Xml.XPath.XPathException: Expression must evaluate to a node-set.
   at MS.Internal.Xml.XPath.XPathParser.ParseNodeTest(AstNode qyInput, AxisType axisType, XPathNodeType nodeType)
   at MS.Internal.Xml.XPath.XPathParser.ParseStep(AstNode qyInput)
   at MS.Internal.Xml.XPath.XPathParser.ParseRelativeLocationPath(AstNode qyInput)
   at MS.Internal.Xml.XPath.XPathParser.ParseRelativeLocationPath(AstNode qyInput)
   at MS.Internal.Xml.XPath.XPathParser.ParseLocationPath(AstNode qyInput)
   at MS.Internal.Xml.XPath.XPathParser.ParsePathExpr(AstNode qyInput)
   at MS.Internal.Xml.XPath.XPathParser.ParseUnionExpr(AstNode qyInput)
   at MS.Internal.Xml.XPath.XPathParser.ParseUnaryExpr(AstNode qyInput)
   at MS.Internal.Xml.XPath.XPathParser.ParseMultiplicativeExpr(AstNode qyInput)
   at MS.Internal.Xml.XPath.XPathParser.ParseAdditiveExpr(AstNode qyInput)
   at MS.Internal.Xml.XPath.XPathParser.ParseRelationalExpr(AstNode qyInput)
   at MS.Internal.Xml.XPath.XPathParser.ParseEqualityExpr(AstNode qyInput)
   at MS.Internal.Xml.XPath.XPathParser.ParseAndExpr(AstNode qyInput)
   at MS.Internal.Xml.XPath.XPathParser.ParseOrExpr(AstNode qyInput)
   at MS.Internal.Xml.XPath.XPathParser.ParseXPathExpresion(String xpathExpresion)
   at MS.Internal.Xml.XPath.QueryBuilder.Build(String query, Boolean allowVar, Boolean allowKey)
   at MS.Internal.Xml.XPath.QueryBuilder.Build(String query, Boolean& needContext)
   at System.Xml.XPath.XPathExpression.Compile(String xpath, IXmlNamespaceResolver nsResolver)
   at System.Xml.XPath.XPathNavigator.Select(String xpath)
   at System.Xml.XmlNode.SelectNodes(String xpath)
   at common.xmlLibs.GetXML(XmlDocument xmlDoc, String xmlPath, String key) in D:\work\ketoan-moi\code\common\libs\xml.cs:line 113
   at common.xmlLibs.GetXML(XmlDocument xmlDoc, String[] nodeNames, String key) in D:\work\ketoan-moi\code\common\libs\xml.cs:line 109
   at common.configuration.GetConfiguration(XmlDocument XMLDoc, String subNode, String childNode, StringCollection aFields, Boolean useEncryption) in D:\work\ketoan-moi\code\common\libs\config.cs:line 97
   at common.configuration.GetConfiguration(String XMLFile, String subNode, String childNode, StringCollection aFields, Boolean useEncryption) in D:\work\ketoan-moi\code\common\libs\config.cs:line 113
   at commonClass.Configuration.GetUserSettings(String type, StringCollection aFields) in D:\work\stockProject\code\commonClass\system.cs:line 413
   at application.Strategy.Libs.GetUserSettings(Meta meta) in D:\work\stockProject\code\application\StrategyLibs.cs:line 921
   at application.Strategy.Libs.ShowStrategyForm(Meta meta) in D:\work\stockProject\code\application\StrategyLibs.cs:line 912
   at client.main.StrategyParaEditHandler(Object sender, EventArgs e) in D:\work\stockProject\code\client\main.cs:line 970
main	System.Xml.XPath.XPathException: Expression must evaluate to a node-set.
   at MS.Internal.Xml.XPath.XPathParser.ParseNodeTest(AstNode qyInput, AxisType axisType, XPathNodeType nodeType)
   at MS.Internal.Xml.XPath.XPathParser.ParseStep(AstNode qyInput)
   at MS.Internal.Xml.XPath.XPathParser.ParseRelativeLocationPath(AstNode qyInput)
   at MS.Internal.Xml.XPath.XPathParser.ParseRelativeLocationPath(AstNode qyInput)
   at MS.Internal.Xml.XPath.XPathParser.ParseLocationPath(AstNode qyInput)
   at MS.Internal.Xml.XPath.XPathParser.ParsePathExpr(AstNode qyInput)
   at MS.Internal.Xml.XPath.XPathParser.ParseUnionExpr(AstNode qyInput)
   at MS.Internal.Xml.XPath.XPathParser.ParseUnaryExpr(AstNode qyInput)
   at MS.Internal.Xml.XPath.XPathParser.ParseMultiplicativeExpr(AstNode qyInput)
   at MS.Internal.Xml.XPath.XPathParser.ParseAdditiveExpr(AstNode qyInput)
   at MS.Internal.Xml.XPath.XPathParser.ParseRelationalExpr(AstNode qyInput)
   at MS.Internal.Xml.XPath.XPathParser.ParseEqualityExpr(AstNode qyInput)
   at MS.Internal.Xml.XPath.XPathParser.ParseAndExpr(AstNode qyInput)
   at MS.Internal.Xml.XPath.XPathParser.ParseOrExpr(AstNode qyInput)
   at MS.Internal.Xml.XPath.XPathParser.ParseXPathExpresion(String xpathExpresion)
   at MS.Internal.Xml.XPath.QueryBuilder.Build(String query, Boolean allowVar, Boolean allowKey)
   at MS.Internal.Xml.XPath.QueryBuilder.Build(String query, Boolean& needContext)
   at System.Xml.XPath.XPathExpression.Compile(String xpath, IXmlNamespaceResolver nsResolver)
   at System.Xml.XPath.XPathNavigator.Select(String xpath)
   at System.Xml.XmlNode.SelectNodes(String xpath)
   at common.xmlLibs.GetXML(XmlDocument xmlDoc, String xmlPath, String key) in D:\work\ketoan-moi\code\common\libs\xml.cs:line 113
   at common.xmlLibs.GetXML(XmlDocument xmlDoc, String[] nodeNames, String key) in D:\work\ketoan-moi\code\common\libs\xml.cs:line 109
   at common.configuration.GetConfiguration(XmlDocument XMLDoc, String subNode, String childNode, StringCollection aFields, Boolean useEncryption) in D:\work\ketoan-moi\code\common\libs\config.cs:line 97
   at common.configuration.GetConfiguration(String XMLFile, String subNode, String childNode, StringCollection aFields, Boolean useEncryption) in D:\work\ketoan-moi\code\common\libs\config.cs:line 113
   at commonClass.Configuration.GetUserSettings(String type, StringCollection aFields) in D:\work\stockProject\code\commonClass\system.cs:line 413
   at application.Strategy.Libs.GetUserSettings(Meta meta) in D:\work\stockProject\code\application\StrategyLibs.cs:line 921
   at application.Strategy.Libs.ShowStrategyForm(Meta meta) in D:\work\stockProject\code\application\StrategyLibs.cs:line 912
   at client.main.StrategyParaEditHandler(Object sender, EventArgs e) in D:\work\stockProject\code\client\main.cs:line 970
main	System.Xml.XPath.XPathException: Expression must evaluate to a node-set.
   at MS.Internal.Xml.XPath.XPathParser.ParseNodeTest(AstNode qyInput, AxisType axisType, XPathNodeType nodeType)
   at MS.Internal.Xml.XPath.XPathParser.ParseStep(AstNode qyInput)
   at MS.Internal.Xml.XPath.XPathParser.ParseRelativeLocationPath(AstNode qyInput)
   at MS.Internal.Xml.XPath.XPathParser.ParseRelativeLocationPath(AstNode qyInput)
   at MS.Internal.Xml.XPath.XPathParser.ParseLocationPath(AstNode qyInput)
   at MS.Internal.Xml.XPath.XPathParser.ParsePathExpr(AstNode qyInput)
   at MS.Internal.Xml.XPath.XPathParser.ParseUnionExpr(AstNode qyInput)
   at MS.Internal.Xml.XPath.XPathParser.ParseUnaryExpr(AstNode qyInput)
   at MS.Internal.Xml.XPath.XPathParser.ParseMultiplicativeExpr(AstNode qyInput)
   at MS.Internal.Xml.XPath.XPathParser.ParseAdditiveExpr(AstNode qyInput)
   at MS.Internal.Xml.XPath.XPathParser.ParseRelationalExpr(AstNode qyInput)
   at MS.Internal.Xml.XPath.XPathParser.ParseEqualityExpr(AstNode qyInput)
   at MS.Internal.Xml.XPath.XPathParser.ParseAndExpr(AstNode qyInput)
   at MS.Internal.Xml.XPath.XPathParser.ParseOrExpr(AstNode qyInput)
   at MS.Internal.Xml.XPath.XPathParser.ParseXPathExpresion(String xpathExpresion)
   at MS.Internal.Xml.XPath.QueryBuilder.Build(String query, Boolean allowVar, Boolean allowKey)
   at MS.Internal.Xml.XPath.QueryBuilder.Build(String query, Boolean& needContext)
   at System.Xml.XPath.XPathExpression.Compile(String xpath, IXmlNamespaceResolver nsResolver)
   at System.Xml.XPath.XPathNavigator.Select(String xpath)
   at System.Xml.XmlNode.SelectNodes(String xpath)
   at common.xmlLibs.GetXML(XmlDocument xmlDoc, String xmlPath, String key) in D:\work\ketoan-moi\code\common\libs\xml.cs:line 113
   at common.xmlLibs.GetXML(XmlDocument xmlDoc, String[] nodeNames, String key) in D:\work\ketoan-moi\code\common\libs\xml.cs:line 109
   at common.configuration.GetConfiguration(XmlDocument XMLDoc, String subNode, String childNode, StringCollection aFields, Boolean useEncryption) in D:\work\ketoan-moi\code\common\libs\config.cs:line 97
   at common.configuration.GetConfiguration(String XMLFile, String subNode, String childNode, StringCollection aFields, Boolean useEncryption) in D:\work\ketoan-moi\code\common\libs\config.cs:line 113
   at commonClass.Configuration.GetUserSettings(String type, StringCollection aFields) in D:\work\stockProject\code\commonClass\system.cs:line 413
   at application.Strategy.Libs.GetUserSettings(Meta meta) in D:\work\stockProject\code\application\StrategyLibs.cs:line 921
   at application.Strategy.Libs.ShowStrategyForm(Meta meta) in D:\work\stockProject\code\application\StrategyLibs.cs:line 912
   at client.main.StrategyParaEditHandler(Object sender, EventArgs e) in D:\work\stockProject\code\client\main.cs:line 970
baseApplication	System.MissingFieldException: Field not found: 'Charts.Settings.sysChartMarginBOT'.
   at application.Configuration.Load_Local_Settings_CHART()
   at application.Configuration.Load_Local_Settings() in D:\work\stockProject\code\application\SysLibs.cs:line 457
   at baseClass.forms.baseApplication.LoadAppConfig() in D:\work\stockProject\code\baseClass\forms\baseApplication.cs:line 49
   at client.main.LoadAppConfig() in D:\work\stockProject\code\client\main.cs:line 350
main	System.Xml.XPath.XPathException: Expression must evaluate to a node-set.
   at MS.Internal.Xml.XPath.XPathParser.ParseNodeTest(AstNode qyInput, AxisType axisType, XPathNodeType nodeType)
   at MS.Internal.Xml.XPath.XPathParser.ParseStep(AstNode qyInput)
   at MS.Internal.Xml.XPath.XPathParser.ParseRelativeLocationPath(AstNode qyInput)
   at MS.Internal.Xml.XPath.XPathParser.ParseRelativeLocationPath(AstNode qyInput)
   at MS.Internal.Xml.XPath.XPathParser.ParseLocationPath(AstNode qyInput)
   at MS.Internal.Xml.XPath.XPathParser.ParsePathExpr(AstNode qyInput)
   at MS.Internal.Xml.XPath.XPathParser.ParseUnionExpr(AstNode qyInput)
   at MS.Internal.Xml.XPath.XPathParser.ParseUnaryExpr(AstNode qyInput)
   at MS.Internal.Xml.XPath.XPathParser.ParseMultiplicativeExpr(AstNode qyInput)
   at MS.Internal.Xml.XPath.XPathParser.ParseAdditiveExpr(AstNode qyInput)
   at MS.Internal.Xml.XPath.XPathParser.ParseRelationalExpr(AstNode qyInput)
   at MS.Internal.Xml.XPath.XPathParser.ParseEqualityExpr(AstNode qyInput)
   at MS.Internal.Xml.XPath.XPathParser.ParseAndExpr(AstNode qyInput)
   at MS.Internal.Xml.XPath.XPathParser.ParseOrExpr(AstNode qyInput)
   at MS.Internal.Xml.XPath.XPathParser.ParseXPathExpresion(String xpathExpresion)
   at MS.Internal.Xml.XPath.QueryBuilder.Build(String query, Boolean allowVar, Boolean allowKey)
   at MS.Internal.Xml.XPath.QueryBuilder.Build(String query, Boolean& needContext)
   at System.Xml.XPath.XPathExpression.Compile(String xpath, IXmlNamespaceResolver nsResolver)
   at System.Xml.XPath.XPathNavigator.Select(String xpath)
   at System.Xml.XmlNode.SelectNodes(String xpath)
   at common.xmlLibs.GetXML(XmlDocument xmlDoc, String xmlPath, String key) in D:\work\ketoan-moi\code\common\libs\xml.cs:line 113
   at common.xmlLibs.GetXML(XmlDocument xmlDoc, String[] nodeNames, String key) in D:\work\ketoan-moi\code\common\libs\xml.cs:line 109
   at common.configuration.GetConfiguration(XmlDocument XMLDoc, String subNode, String childNode, StringCollection aFields, Boolean useEncryption) in D:\work\ketoan-moi\code\common\libs\config.cs:line 97
   at common.configuration.GetConfiguration(String XMLFile, String subNode, String childNode, StringCollection aFields, Boolean useEncryption) in D:\work\ketoan-moi\code\common\libs\config.cs:line 113
   at commonClass.Configuration.GetUserSettings(String type, StringCollection aFields) in D:\work\stockProject\code\commonClass\system.cs:line 413
   at application.Strategy.Libs.GetUserSettings(Meta meta) in D:\work\stockProject\code\application\StrategyLibs.cs:line 921
   at application.Strategy.Libs.ShowStrategyForm(Meta meta) in D:\work\stockProject\code\application\StrategyLibs.cs:line 912
   at client.main.StrategyParaEditHandler(Object sender, EventArgs e) in D:\work\stockProject\code\client\main.cs:line 970
main	System.Xml.XPath.XPathException: Expression must evaluate to a node-set.
   at MS.Internal.Xml.XPath.XPathParser.ParseNodeTest(AstNode qyInput, AxisType axisType, XPathNodeType nodeType)
   at MS.Internal.Xml.XPath.XPathParser.ParseStep(AstNode qyInput)
   at MS.Internal.Xml.XPath.XPathParser.ParseRelativeLocationPath(AstNode qyInput)
   at MS.Internal.Xml.XPath.XPathParser.ParseRelativeLocationPath(AstNode qyInput)
   at MS.Internal.Xml.XPath.XPathParser.ParseLocationPath(AstNode qyInput)
   at MS.Internal.Xml.XPath.XPathParser.ParsePathExpr(AstNode qyInput)
   at MS.Internal.Xml.XPath.XPathParser.ParseUnionExpr(AstNode qyInput)
   at MS.Internal.Xml.XPath.XPathParser.ParseUnaryExpr(AstNode qyInput)
   at MS.Internal.Xml.XPath.XPathParser.ParseMultiplicativeExpr(AstNode qyInput)
   at MS.Internal.Xml.XPath.XPathParser.ParseAdditiveExpr(AstNode qyInput)
   at MS.Internal.Xml.XPath.XPathParser.ParseRelationalExpr(AstNode qyInput)
   at MS.Internal.Xml.XPath.XPathParser.ParseEqualityExpr(AstNode qyInput)
   at MS.Internal.Xml.XPath.XPathParser.ParseAndExpr(AstNode qyInput)
   at MS.Internal.Xml.XPath.XPathParser.ParseOrExpr(AstNode qyInput)
   at MS.Internal.Xml.XPath.XPathParser.ParseXPathExpresion(String xpathExpresion)
   at MS.Internal.Xml.XPath.QueryBuilder.Build(String query, Boolean allowVar, Boolean allowKey)
   at MS.Internal.Xml.XPath.QueryBuilder.Build(String query, Boolean& needContext)
   at System.Xml.XPath.XPathExpression.Compile(String xpath, IXmlNamespaceResolver nsResolver)
   at System.Xml.XPath.XPathNavigator.Select(String xpath)
   at System.Xml.XmlNode.SelectNodes(String xpath)
   at common.xmlLibs.GetXML(XmlDocument xmlDoc, String xmlPath, String key) in D:\work\ketoan-moi\code\common\libs\xml.cs:line 113
   at common.xmlLibs.GetXML(XmlDocument xmlDoc, String[] nodeNames, String key) in D:\work\ketoan-moi\code\common\libs\xml.cs:line 109
   at common.configuration.GetConfiguration(XmlDocument XMLDoc, String subNode, String childNode, StringCollection aFields, Boolean useEncryption) in D:\work\ketoan-moi\code\common\libs\config.cs:line 97
   at common.configuration.GetConfiguration(String XMLFile, String subNode, String childNode, StringCollection aFields, Boolean useEncryption) in D:\work\ketoan-moi\code\common\libs\config.cs:line 113
   at commonClass.Configuration.GetUserSettings(String type, StringCollection aFields) in D:\work\stockProject\code\commonClass\system.cs:line 413
   at application.Strategy.Libs.GetUserSettings(Meta meta) in D:\work\stockProject\code\application\StrategyLibs.cs:line 921
   at application.Strategy.Libs.ShowStrategyForm(Meta meta) in D:\work\stockProject\code\application\StrategyLibs.cs:line 912
   at client.main.StrategyParaEditHandler(Object sender, EventArgs e) in D:\work\stockProject\code\client\main.cs:line 970
