12/07/2011 6:07:32 CH : update data from http://online.mhbs.vn/quote/hose.aspx HOSE
12/07/2011 6:07:51 CH : update data from http://online.mhbs.vn/quote/hnx.aspx HASTC
12/07/2011 6:08:57 CH : Trade alert start
17/08/2011 9:23:50 SA : update data from http://online.mhbs.vn/quote/hose.aspx HOSE
 - FetchData error Column 'onDate, stockCode, stockExchange' is constrained to be unique.  Value '17/08/2011 9:23:50 SA, 9.4, HOSE' is already present.
17/08/2011 9:24:00 SA : update data from http://online.mhbs.vn/quote/hose.aspx HOSE
 - FetchData error Column 'onDate, stockCode, stockExchange' is constrained to be unique.  Value '17/08/2011 9:24:00 SA, 9.4, HOSE' is already present.
17/08/2011 9:24:10 SA : update data from http://online.mhbs.vn/quote/hose.aspx HOSE
 - FetchData error Column 'onDate, stockCode, stockExchange' is constrained to be unique.  Value '17/08/2011 9:24:10 SA, 9.4, HOSE' is already present.
17/08/2011 9:24:20 SA : update data from http://online.mhbs.vn/quote/hose.aspx HOSE
 - FetchData error Column 'onDate, stockCode, stockExchange' is constrained to be unique.  Value '17/08/2011 9:24:20 SA, 9.4, HOSE' is already present.
17/08/2011 9:24:30 SA : update data from http://online.mhbs.vn/quote/hose.aspx HOSE
 - FetchData error Column 'onDate, stockCode, stockExchange' is constrained to be unique.  Value '17/08/2011 9:24:30 SA, 9.4, HOSE' is already present.
17/08/2011 9:24:40 SA : update data from http://online.mhbs.vn/quote/hose.aspx HOSE
 - FetchData error Column 'onDate, stockCode, stockExchange' is constrained to be unique.  Value '17/08/2011 9:24:40 SA, 9.4, HOSE' is already present.
17/08/2011 9:24:50 SA : update data from http://online.mhbs.vn/quote/hose.aspx HOSE
 - FetchData error Column 'onDate, stockCode, stockExchange' is constrained to be unique.  Value '17/08/2011 9:24:50 SA, 9.4, HOSE' is already present.
17/08/2011 9:25:00 SA : update data from http://online.mhbs.vn/quote/hose.aspx HOSE
 - FetchData error Column 'onDate, stockCode, stockExchange' is constrained to be unique.  Value '17/08/2011 9:25:00 SA, 9.4, HOSE' is already present.
17/08/2011 9:25:10 SA : update data from http://online.mhbs.vn/quote/hose.aspx HOSE
 - FetchData error Column 'onDate, stockCode, stockExchange' is constrained to be unique.  Value '17/08/2011 9:25:10 SA, 9.4, HOSE' is already present.
17/08/2011 9:25:20 SA : update data from http://online.mhbs.vn/quote/hose.aspx HOSE
 - FetchData error Column 'onDate, stockCode, stockExchange' is constrained to be unique.  Value '17/08/2011 9:25:20 SA, 9.4, HOSE' is already present.
17/08/2011 9:25:30 SA : update data from http://online.mhbs.vn/quote/hose.aspx HOSE
 - FetchData error Column 'onDate, stockCode, stockExchange' is constrained to be unique.  Value '17/08/2011 9:25:30 SA, 9.4, HOSE' is already present.
17/08/2011 9:25:40 SA : update data from http://online.mhbs.vn/quote/hose.aspx HOSE
 - FetchData error Column 'onDate, stockCode, stockExchange' is constrained to be unique.  Value '17/08/2011 9:25:40 SA, 9.4, HOSE' is already present.
17/08/2011 9:25:50 SA : update data from http://online.mhbs.vn/quote/hose.aspx HOSE
 - FetchData error Column 'onDate, stockCode, stockExchange' is constrained to be unique.  Value '17/08/2011 9:25:50 SA, 9.4, HOSE' is already present.
17/08/2011 9:26:00 SA : update data from http://online.mhbs.vn/quote/hose.aspx HOSE
 - FetchData error Column 'onDate, stockCode, stockExchange' is constrained to be unique.  Value '17/08/2011 9:26:00 SA, 9.4, HOSE' is already present.
17/08/2011 9:26:10 SA : update data from http://online.mhbs.vn/quote/hose.aspx HOSE
 - FetchData error Column 'onDate, stockCode, stockExchange' is constrained to be unique.  Value '17/08/2011 9:26:10 SA, 9.4, HOSE' is already present.
17/08/2011 9:26:20 SA : update data from http://online.mhbs.vn/quote/hose.aspx HOSE
 - FetchData error Column 'onDate, stockCode, stockExchange' is constrained to be unique.  Value '17/08/2011 9:26:20 SA, 9.4, HOSE' is already present.
17/08/2011 9:26:30 SA : update data from http://online.mhbs.vn/quote/hose.aspx HOSE
 - FetchData error Column 'onDate, stockCode, stockExchange' is constrained to be unique.  Value '17/08/2011 9:26:30 SA, 9.4, HOSE' is already present.
17/08/2011 9:26:40 SA : update data from http://online.mhbs.vn/quote/hose.aspx HOSE
 - FetchData error Column 'onDate, stockCode, stockExchange' is constrained to be unique.  Value '17/08/2011 9:26:40 SA, 9.4, HOSE' is already present.
17/08/2011 9:26:50 SA : update data from http://online.mhbs.vn/quote/hose.aspx HOSE
 - FetchData error Column 'onDate, stockCode, stockExchange' is constrained to be unique.  Value '17/08/2011 9:26:50 SA, 9.4, HOSE' is already present.
17/08/2011 9:27:00 SA : update data from http://online.mhbs.vn/quote/hose.aspx HOSE
 - FetchData error Column 'onDate, stockCode, stockExchange' is constrained to be unique.  Value '17/08/2011 9:27:00 SA, 9.4, HOSE' is already present.
17/08/2011 9:27:10 SA : update data from http://online.mhbs.vn/quote/hose.aspx HOSE
 - FetchData error Column 'onDate, stockCode, stockExchange' is constrained to be unique.  Value '17/08/2011 9:27:10 SA, 9.4, HOSE' is already present.
17/08/2011 9:27:20 SA : update data from http://online.mhbs.vn/quote/hose.aspx HOSE
 - FetchData error Column 'onDate, stockCode, stockExchange' is constrained to be unique.  Value '17/08/2011 9:27:20 SA, 9.4, HOSE' is already present.
17/08/2011 9:27:30 SA : update data from http://online.mhbs.vn/quote/hose.aspx HOSE
 - FetchData error Column 'onDate, stockCode, stockExchange' is constrained to be unique.  Value '17/08/2011 9:27:30 SA, 9.4, HOSE' is already present.
17/08/2011 9:27:40 SA : update data from http://online.mhbs.vn/quote/hose.aspx HOSE
 - FetchData error Column 'onDate, stockCode, stockExchange' is constrained to be unique.  Value '17/08/2011 9:27:40 SA, 9.4, HOSE' is already present.
17/08/2011 9:27:50 SA : update data from http://online.mhbs.vn/quote/hose.aspx HOSE
 - FetchData error Column 'onDate, stockCode, stockExchange' is constrained to be unique.  Value '17/08/2011 9:27:50 SA, 9.4, HOSE' is already present.
17/08/2011 9:28:00 SA : update data from http://online.mhbs.vn/quote/hose.aspx HOSE
 - FetchData error Column 'onDate, stockCode, stockExchange' is constrained to be unique.  Value '17/08/2011 9:28:00 SA, 9.4, HOSE' is already present.
17/08/2011 9:28:10 SA : update data from http://online.mhbs.vn/quote/hose.aspx HOSE
 - FetchData error Column 'onDate, stockCode, stockExchange' is constrained to be unique.  Value '17/08/2011 9:28:10 SA, 9.4, HOSE' is already present.
17/08/2011 9:28:20 SA : update data from http://online.mhbs.vn/quote/hose.aspx HOSE
 - FetchData error Column 'onDate, stockCode, stockExchange' is constrained to be unique.  Value '17/08/2011 9:28:20 SA, 9.4, HOSE' is already present.
17/08/2011 9:28:30 SA : update data from http://online.mhbs.vn/quote/hose.aspx HOSE
 - FetchData error Column 'onDate, stockCode, stockExchange' is constrained to be unique.  Value '17/08/2011 9:28:30 SA, 9.4, HOSE' is already present.
17/08/2011 9:28:40 SA : update data from http://online.mhbs.vn/quote/hose.aspx HOSE
 - FetchData error Column 'onDate, stockCode, stockExchange' is constrained to be unique.  Value '17/08/2011 9:28:40 SA, 9.4, HOSE' is already present.
17/08/2011 9:28:50 SA : update data from http://online.mhbs.vn/quote/hose.aspx HOSE
 - FetchData error Column 'onDate, stockCode, stockExchange' is constrained to be unique.  Value '17/08/2011 9:28:50 SA, 9.4, HOSE' is already present.
17/08/2011 9:29:00 SA : update data from http://online.mhbs.vn/quote/hose.aspx HOSE
 - FetchData error Column 'onDate, stockCode, stockExchange' is constrained to be unique.  Value '17/08/2011 9:29:00 SA, 9.4, HOSE' is already present.
17/08/2011 9:29:10 SA : update data from http://online.mhbs.vn/quote/hose.aspx HOSE
 - FetchData error Column 'onDate, stockCode, stockExchange' is constrained to be unique.  Value '17/08/2011 9:29:10 SA, 9.4, HOSE' is already present.
17/08/2011 9:29:20 SA : update data from http://online.mhbs.vn/quote/hose.aspx HOSE
 - FetchData error Column 'onDate, stockCode, stockExchange' is constrained to be unique.  Value '17/08/2011 9:29:20 SA, 9.4, HOSE' is already present.
17/08/2011 9:29:30 SA : update data from http://online.mhbs.vn/quote/hose.aspx HOSE
 - FetchData error Column 'onDate, stockCode, stockExchange' is constrained to be unique.  Value '17/08/2011 9:29:30 SA, 9.4, HOSE' is already present.
17/08/2011 9:29:40 SA : update data from http://online.mhbs.vn/quote/hose.aspx HOSE
 - FetchData error Column 'onDate, stockCode, stockExchange' is constrained to be unique.  Value '17/08/2011 9:29:40 SA, 9.4, HOSE' is already present.
17/08/2011 9:29:50 SA : update data from http://online.mhbs.vn/quote/hose.aspx HOSE
 - FetchData error Column 'onDate, stockCode, stockExchange' is constrained to be unique.  Value '17/08/2011 9:29:50 SA, 9.4, HOSE' is already present.
17/08/2011 9:30:00 SA : update data from http://online.mhbs.vn/quote/hose.aspx HOSE
 - FetchData error Column 'onDate, stockCode, stockExchange' is constrained to be unique.  Value '17/08/2011 9:30:00 SA, 9.4, HOSE' is already present.
17/08/2011 9:30:10 SA : update data from http://online.mhbs.vn/quote/hose.aspx HOSE
 - FetchData error Column 'onDate, stockCode, stockExchange' is constrained to be unique.  Value '17/08/2011 9:30:10 SA, 9.4, HOSE' is already present.
17/08/2011 9:30:20 SA : update data from http://online.mhbs.vn/quote/hose.aspx HOSE
 - FetchData error Column 'onDate, stockCode, stockExchange' is constrained to be unique.  Value '17/08/2011 9:30:20 SA, 9.4, HOSE' is already present.
17/08/2011 9:30:30 SA : update data from http://online.mhbs.vn/quote/hose.aspx HOSE
 - FetchData error Column 'onDate, stockCode, stockExchange' is constrained to be unique.  Value '17/08/2011 9:30:30 SA, 9.4, HOSE' is already present.
17/08/2011 9:30:40 SA : update data from http://online.mhbs.vn/quote/hose.aspx HOSE
 - FetchData error Column 'onDate, stockCode, stockExchange' is constrained to be unique.  Value '17/08/2011 9:30:40 SA, 9.4, HOSE' is already present.
17/08/2011 9:30:50 SA : update data from http://online.mhbs.vn/quote/hose.aspx HOSE
 - FetchData error Column 'onDate, stockCode, stockExchange' is constrained to be unique.  Value '17/08/2011 9:30:50 SA, 9.4, HOSE' is already present.
17/08/2011 9:31:00 SA : update data from http://online.mhbs.vn/quote/hose.aspx HOSE
 - FetchData error Column 'onDate, stockCode, stockExchange' is constrained to be unique.  Value '17/08/2011 9:31:00 SA, 9.4, HOSE' is already present.
17/08/2011 9:31:10 SA : update data from http://online.mhbs.vn/quote/hose.aspx HOSE
 - FetchData error Column 'onDate, stockCode, stockExchange' is constrained to be unique.  Value '17/08/2011 9:31:10 SA, 9.4, HOSE' is already present.
17/08/2011 9:31:20 SA : update data from http://online.mhbs.vn/quote/hose.aspx HOSE
 - FetchData error Column 'onDate, stockCode, stockExchange' is constrained to be unique.  Value '17/08/2011 9:31:20 SA, 9.4, HOSE' is already present.
17/08/2011 9:31:30 SA : update data from http://online.mhbs.vn/quote/hose.aspx HOSE
 - FetchData error Column 'onDate, stockCode, stockExchange' is constrained to be unique.  Value '17/08/2011 9:31:30 SA, 9.4, HOSE' is already present.
17/08/2011 9:31:40 SA : update data from http://online.mhbs.vn/quote/hose.aspx HOSE
 - FetchData error Column 'onDate, stockCode, stockExchange' is constrained to be unique.  Value '17/08/2011 9:31:40 SA, 9.4, HOSE' is already present.
17/08/2011 9:31:50 SA : update data from http://online.mhbs.vn/quote/hose.aspx HOSE
 - FetchData error Column 'onDate, stockCode, stockExchange' is constrained to be unique.  Value '17/08/2011 9:31:50 SA, 9.4, HOSE' is already present.
17/08/2011 9:32:00 SA : update data from http://online.mhbs.vn/quote/hose.aspx HOSE
 - FetchData error Column 'onDate, stockCode, stockExchange' is constrained to be unique.  Value '17/08/2011 9:32:00 SA, 9.4, HOSE' is already present.
17/08/2011 9:32:10 SA : update data from http://online.mhbs.vn/quote/hose.aspx HOSE
 - FetchData error Column 'onDate, stockCode, stockExchange' is constrained to be unique.  Value '17/08/2011 9:32:10 SA, 9.4, HOSE' is already present.
17/08/2011 9:32:20 SA : update data from http://online.mhbs.vn/quote/hose.aspx HOSE
 - FetchData error Column 'onDate, stockCode, stockExchange' is constrained to be unique.  Value '17/08/2011 9:32:20 SA, 9.4, HOSE' is already present.
17/08/2011 9:32:30 SA : update data from http://online.mhbs.vn/quote/hose.aspx HOSE
 - FetchData error Column 'onDate, stockCode, stockExchange' is constrained to be unique.  Value '17/08/2011 9:32:30 SA, 9.4, HOSE' is already present.
17/08/2011 9:32:40 SA : update data from http://online.mhbs.vn/quote/hose.aspx HOSE
 - FetchData error Column 'onDate, stockCode, stockExchange' is constrained to be unique.  Value '17/08/2011 9:32:40 SA, 9.4, HOSE' is already present.
17/08/2011 9:32:50 SA : update data from http://online.mhbs.vn/quote/hose.aspx HOSE
 - FetchData error Column 'onDate, stockCode, stockExchange' is constrained to be unique.  Value '17/08/2011 9:32:50 SA, 9.4, HOSE' is already present.
17/08/2011 9:33:00 SA : update data from http://online.mhbs.vn/quote/hose.aspx HOSE
 - FetchData error Column 'onDate, stockCode, stockExchange' is constrained to be unique.  Value '17/08/2011 9:33:00 SA, 9.4, HOSE' is already present.
17/08/2011 9:33:10 SA : update data from http://online.mhbs.vn/quote/hose.aspx HOSE
 - FetchData error Column 'onDate, stockCode, stockExchange' is constrained to be unique.  Value '17/08/2011 9:33:10 SA, 9.4, HOSE' is already present.
17/08/2011 9:33:20 SA : update data from http://online.mhbs.vn/quote/hose.aspx HOSE
 - FetchData error Column 'onDate, stockCode, stockExchange' is constrained to be unique.  Value '17/08/2011 9:33:20 SA, 9.4, HOSE' is already present.
17/08/2011 9:33:30 SA : update data from http://online.mhbs.vn/quote/hose.aspx HOSE
 - FetchData error Column 'onDate, stockCode, stockExchange' is constrained to be unique.  Value '17/08/2011 9:33:30 SA, 9.4, HOSE' is already present.
17/08/2011 9:33:40 SA : update data from http://online.mhbs.vn/quote/hose.aspx HOSE
 - FetchData error Column 'onDate, stockCode, stockExchange' is constrained to be unique.  Value '17/08/2011 9:33:40 SA, 9.4, HOSE' is already present.
17/08/2011 9:33:50 SA : update data from http://online.mhbs.vn/quote/hose.aspx HOSE
 - FetchData error Column 'onDate, stockCode, stockExchange' is constrained to be unique.  Value '17/08/2011 9:33:50 SA, 9.4, HOSE' is already present.
17/08/2011 9:34:00 SA : update data from http://online.mhbs.vn/quote/hose.aspx HOSE
 - FetchData error Column 'onDate, stockCode, stockExchange' is constrained to be unique.  Value '17/08/2011 9:34:00 SA, 9.4, HOSE' is already present.
17/08/2011 9:34:10 SA : update data from http://online.mhbs.vn/quote/hose.aspx HOSE
 - FetchData error Column 'onDate, stockCode, stockExchange' is constrained to be unique.  Value '17/08/2011 9:34:10 SA, 9.4, HOSE' is already present.
17/08/2011 9:34:20 SA : update data from http://online.mhbs.vn/quote/hose.aspx HOSE
 - FetchData error Column 'onDate, stockCode, stockExchange' is constrained to be unique.  Value '17/08/2011 9:34:20 SA, 9.4, HOSE' is already present.
17/08/2011 9:34:30 SA : update data from http://online.mhbs.vn/quote/hose.aspx HOSE
 - FetchData error Column 'onDate, stockCode, stockExchange' is constrained to be unique.  Value '17/08/2011 9:34:30 SA, 9.4, HOSE' is already present.
17/08/2011 9:34:40 SA : update data from http://online.mhbs.vn/quote/hose.aspx HOSE
 - FetchData error Column 'onDate, stockCode, stockExchange' is constrained to be unique.  Value '17/08/2011 9:34:40 SA, 9.4, HOSE' is already present.
17/08/2011 9:34:50 SA : update data from http://online.mhbs.vn/quote/hose.aspx HOSE
 - FetchData error Column 'onDate, stockCode, stockExchange' is constrained to be unique.  Value '17/08/2011 9:34:50 SA, 9.4, HOSE' is already present.
17/08/2011 9:35:00 SA : update data from http://online.mhbs.vn/quote/hose.aspx HOSE
 - FetchData error Column 'onDate, stockCode, stockExchange' is constrained to be unique.  Value '17/08/2011 9:35:00 SA, 9.4, HOSE' is already present.
17/08/2011 9:35:10 SA : update data from http://online.mhbs.vn/quote/hose.aspx HOSE
 - FetchData error Column 'onDate, stockCode, stockExchange' is constrained to be unique.  Value '17/08/2011 9:35:10 SA, 9.4, HOSE' is already present.
17/08/2011 9:35:20 SA : update data from http://online.mhbs.vn/quote/hose.aspx HOSE
 - FetchData error Column 'onDate, stockCode, stockExchange' is constrained to be unique.  Value '17/08/2011 9:35:20 SA, 9.4, HOSE' is already present.
17/08/2011 9:35:30 SA : update data from http://online.mhbs.vn/quote/hose.aspx HOSE
 - FetchData error Column 'onDate, stockCode, stockExchange' is constrained to be unique.  Value '17/08/2011 9:35:30 SA, 9.4, HOSE' is already present.
17/08/2011 9:35:40 SA : update data from http://online.mhbs.vn/quote/hose.aspx HOSE
 - FetchData error Column 'onDate, stockCode, stockExchange' is constrained to be unique.  Value '17/08/2011 9:35:40 SA, 9.4, HOSE' is already present.
17/08/2011 9:35:50 SA : update data from http://online.mhbs.vn/quote/hose.aspx HOSE
 - FetchData error Column 'onDate, stockCode, stockExchange' is constrained to be unique.  Value '17/08/2011 9:35:50 SA, 9.4, HOSE' is already present.
17/08/2011 9:36:00 SA : update data from http://online.mhbs.vn/quote/hose.aspx HOSE
 - FetchData error Column 'onDate, stockCode, stockExchange' is constrained to be unique.  Value '17/08/2011 9:36:00 SA, 9.4, HOSE' is already present.
17/08/2011 9:36:10 SA : update data from http://online.mhbs.vn/quote/hose.aspx HOSE
 - FetchData error Column 'onDate, stockCode, stockExchange' is constrained to be unique.  Value '17/08/2011 9:36:10 SA, 9.4, HOSE' is already present.
17/08/2011 9:36:20 SA : update data from http://online.mhbs.vn/quote/hose.aspx HOSE
 - FetchData error Column 'onDate, stockCode, stockExchange' is constrained to be unique.  Value '17/08/2011 9:36:20 SA, 9.4, HOSE' is already present.
17/08/2011 9:36:30 SA : update data from http://online.mhbs.vn/quote/hose.aspx HOSE
 - FetchData error Column 'onDate, stockCode, stockExchange' is constrained to be unique.  Value '17/08/2011 9:36:30 SA, 9.4, HOSE' is already present.
17/08/2011 9:36:40 SA : update data from http://online.mhbs.vn/quote/hose.aspx HOSE
 - FetchData error Column 'onDate, stockCode, stockExchange' is constrained to be unique.  Value '17/08/2011 9:36:40 SA, 9.4, HOSE' is already present.
17/08/2011 9:36:50 SA : update data from http://online.mhbs.vn/quote/hose.aspx HOSE
 - FetchData error Column 'onDate, stockCode, stockExchange' is constrained to be unique.  Value '17/08/2011 9:36:50 SA, 9.4, HOSE' is already present.
17/08/2011 9:37:00 SA : update data from http://online.mhbs.vn/quote/hose.aspx HOSE
 - FetchData error Column 'onDate, stockCode, stockExchange' is constrained to be unique.  Value '17/08/2011 9:37:00 SA, 9.4, HOSE' is already present.
17/08/2011 9:37:10 SA : update data from http://online.mhbs.vn/quote/hose.aspx HOSE
 - FetchData error Column 'onDate, stockCode, stockExchange' is constrained to be unique.  Value '17/08/2011 9:37:10 SA, 9.4, HOSE' is already present.
17/08/2011 9:37:20 SA : update data from http://online.mhbs.vn/quote/hose.aspx HOSE
 - FetchData error Column 'onDate, stockCode, stockExchange' is constrained to be unique.  Value '17/08/2011 9:37:20 SA, 9.4, HOSE' is already present.
17/08/2011 9:37:30 SA : update data from http://online.mhbs.vn/quote/hose.aspx HOSE
 - FetchData error Column 'onDate, stockCode, stockExchange' is constrained to be unique.  Value '17/08/2011 9:37:30 SA, 9.4, HOSE' is already present.
17/08/2011 9:37:40 SA : update data from http://online.mhbs.vn/quote/hose.aspx HOSE
 - FetchData error Column 'onDate, stockCode, stockExchange' is constrained to be unique.  Value '17/08/2011 9:37:40 SA, 9.4, HOSE' is already present.
17/08/2011 9:37:50 SA : update data from http://online.mhbs.vn/quote/hose.aspx HOSE
 - FetchData error Column 'onDate, stockCode, stockExchange' is constrained to be unique.  Value '17/08/2011 9:37:50 SA, 9.4, HOSE' is already present.
17/08/2011 9:38:00 SA : update data from http://online.mhbs.vn/quote/hose.aspx HOSE
 - FetchData error Column 'onDate, stockCode, stockExchange' is constrained to be unique.  Value '17/08/2011 9:38:00 SA, 9.4, HOSE' is already present.
17/08/2011 9:38:10 SA : update data from http://online.mhbs.vn/quote/hose.aspx HOSE
 - FetchData error Column 'onDate, stockCode, stockExchange' is constrained to be unique.  Value '17/08/2011 9:38:10 SA, 9.4, HOSE' is already present.
17/08/2011 9:38:20 SA : update data from http://online.mhbs.vn/quote/hose.aspx HOSE
 - FetchData error Column 'onDate, stockCode, stockExchange' is constrained to be unique.  Value '17/08/2011 9:38:20 SA, 9.4, HOSE' is already present.
17/08/2011 9:38:30 SA : update data from http://online.mhbs.vn/quote/hose.aspx HOSE
 - FetchData error Column 'onDate, stockCode, stockExchange' is constrained to be unique.  Value '17/08/2011 9:38:30 SA, 9.4, HOSE' is already present.
17/08/2011 9:38:40 SA : update data from http://online.mhbs.vn/quote/hose.aspx HOSE
 - FetchData error Column 'onDate, stockCode, stockExchange' is constrained to be unique.  Value '17/08/2011 9:38:40 SA, 9.4, HOSE' is already present.
17/08/2011 9:38:50 SA : update data from http://online.mhbs.vn/quote/hose.aspx HOSE
 - FetchData error Column 'onDate, stockCode, stockExchange' is constrained to be unique.  Value '17/08/2011 9:38:50 SA, 9.4, HOSE' is already present.
17/08/2011 9:39:00 SA : update data from http://online.mhbs.vn/quote/hose.aspx HOSE
 - FetchData error Column 'onDate, stockCode, stockExchange' is constrained to be unique.  Value '17/08/2011 9:39:00 SA, 9.4, HOSE' is already present.
17/08/2011 9:39:10 SA : update data from http://online.mhbs.vn/quote/hose.aspx HOSE
 - FetchData error Column 'onDate, stockCode, stockExchange' is constrained to be unique.  Value '17/08/2011 9:39:10 SA, 9.4, HOSE' is already present.
17/08/2011 9:39:20 SA : update data from http://online.mhbs.vn/quote/hose.aspx HOSE
 - FetchData error Column 'onDate, stockCode, stockExchange' is constrained to be unique.  Value '17/08/2011 9:39:20 SA, 9.4, HOSE' is already present.
17/08/2011 9:39:30 SA : update data from http://online.mhbs.vn/quote/hose.aspx HOSE
 - FetchData error Column 'onDate, stockCode, stockExchange' is constrained to be unique.  Value '17/08/2011 9:39:30 SA, 9.4, HOSE' is already present.
17/08/2011 9:39:40 SA : update data from http://online.mhbs.vn/quote/hose.aspx HOSE
 - FetchData error Column 'onDate, stockCode, stockExchange' is constrained to be unique.  Value '17/08/2011 9:39:40 SA, 9.4, HOSE' is already present.
17/08/2011 9:39:50 SA : update data from http://online.mhbs.vn/quote/hose.aspx HOSE
 - FetchData error Column 'onDate, stockCode, stockExchange' is constrained to be unique.  Value '17/08/2011 9:39:50 SA, 9.4, HOSE' is already present.
17/08/2011 9:40:00 SA : update data from http://online.mhbs.vn/quote/hose.aspx HOSE
 - FetchData error Column 'onDate, stockCode, stockExchange' is constrained to be unique.  Value '17/08/2011 9:40:00 SA, 9.4, HOSE' is already present.
17/08/2011 9:40:10 SA : update data from http://online.mhbs.vn/quote/hose.aspx HOSE
 - FetchData error Column 'onDate, stockCode, stockExchange' is constrained to be unique.  Value '17/08/2011 9:40:10 SA, 9.4, HOSE' is already present.
17/08/2011 9:40:20 SA : update data from http://online.mhbs.vn/quote/hose.aspx HOSE
 - FetchData error Column 'onDate, stockCode, stockExchange' is constrained to be unique.  Value '17/08/2011 9:40:20 SA, 9.4, HOSE' is already present.
17/08/2011 9:40:30 SA : update data from http://online.mhbs.vn/quote/hose.aspx HOSE
 - FetchData error Column 'onDate, stockCode, stockExchange' is constrained to be unique.  Value '17/08/2011 9:40:30 SA, 9.4, HOSE' is already present.
17/08/2011 9:40:40 SA : update data from http://online.mhbs.vn/quote/hose.aspx HOSE
 - FetchData error Column 'onDate, stockCode, stockExchange' is constrained to be unique.  Value '17/08/2011 9:40:40 SA, 9.4, HOSE' is already present.
17/08/2011 9:40:50 SA : update data from http://online.mhbs.vn/quote/hose.aspx HOSE
 - FetchData error Column 'onDate, stockCode, stockExchange' is constrained to be unique.  Value '17/08/2011 9:40:50 SA, 9.4, HOSE' is already present.
17/08/2011 9:41:00 SA : update data from http://online.mhbs.vn/quote/hose.aspx HOSE
 - FetchData error Column 'onDate, stockCode, stockExchange' is constrained to be unique.  Value '17/08/2011 9:41:00 SA, 9.4, HOSE' is already present.
17/08/2011 9:41:10 SA : update data from http://online.mhbs.vn/quote/hose.aspx HOSE
 - FetchData error Column 'onDate, stockCode, stockExchange' is constrained to be unique.  Value '17/08/2011 9:41:10 SA, 9.4, HOSE' is already present.
17/08/2011 9:41:20 SA : update data from http://online.mhbs.vn/quote/hose.aspx HOSE
 - FetchData error Column 'onDate, stockCode, stockExchange' is constrained to be unique.  Value '17/08/2011 9:41:20 SA, 9.4, HOSE' is already present.
17/08/2011 9:41:30 SA : update data from http://online.mhbs.vn/quote/hose.aspx HOSE
 - FetchData error Column 'onDate, stockCode, stockExchange' is constrained to be unique.  Value '17/08/2011 9:41:30 SA, 9.4, HOSE' is already present.
17/08/2011 9:41:40 SA : update data from http://online.mhbs.vn/quote/hose.aspx HOSE
 - FetchData error Column 'onDate, stockCode, stockExchange' is constrained to be unique.  Value '17/08/2011 9:41:40 SA, 9.4, HOSE' is already present.
17/08/2011 9:41:50 SA : update data from http://online.mhbs.vn/quote/hose.aspx HOSE
 - FetchData error Column 'onDate, stockCode, stockExchange' is constrained to be unique.  Value '17/08/2011 9:41:50 SA, 9.4, HOSE' is already present.
17/08/2011 9:42:00 SA : update data from http://online.mhbs.vn/quote/hose.aspx HOSE
 - FetchData error Column 'onDate, stockCode, stockExchange' is constrained to be unique.  Value '17/08/2011 9:42:01 SA, 9.4, HOSE' is already present.
17/08/2011 9:42:11 SA : update data from http://online.mhbs.vn/quote/hose.aspx HOSE
 - FetchData error Column 'onDate, stockCode, stockExchange' is constrained to be unique.  Value '17/08/2011 9:42:11 SA, 9.4, HOSE' is already present.
17/08/2011 9:42:21 SA : update data from http://online.mhbs.vn/quote/hose.aspx HOSE
 - FetchData error Column 'onDate, stockCode, stockExchange' is constrained to be unique.  Value '17/08/2011 9:42:21 SA, 9.4, HOSE' is already present.
17/08/2011 9:42:31 SA : update data from http://online.mhbs.vn/quote/hose.aspx HOSE
 - FetchData error Column 'onDate, stockCode, stockExchange' is constrained to be unique.  Value '17/08/2011 9:42:31 SA, 9.4, HOSE' is already present.
17/08/2011 9:42:41 SA : update data from http://online.mhbs.vn/quote/hose.aspx HOSE
 - FetchData error Column 'onDate, stockCode, stockExchange' is constrained to be unique.  Value '17/08/2011 9:42:41 SA, 9.4, HOSE' is already present.
17/08/2011 9:42:51 SA : update data from http://online.mhbs.vn/quote/hose.aspx HOSE
 - FetchData error Column 'onDate, stockCode, stockExchange' is constrained to be unique.  Value '17/08/2011 9:42:51 SA, 9.4, HOSE' is already present.
17/08/2011 9:43:01 SA : update data from http://online.mhbs.vn/quote/hose.aspx HOSE
 - FetchData error Column 'onDate, stockCode, stockExchange' is constrained to be unique.  Value '17/08/2011 9:43:01 SA, 9.4, HOSE' is already present.
17/08/2011 9:43:11 SA : update data from http://online.mhbs.vn/quote/hose.aspx HOSE
 - FetchData error Column 'onDate, stockCode, stockExchange' is constrained to be unique.  Value '17/08/2011 9:43:11 SA, 9.4, HOSE' is already present.
17/08/2011 9:43:21 SA : update data from http://online.mhbs.vn/quote/hose.aspx HOSE
 - FetchData error Column 'onDate, stockCode, stockExchange' is constrained to be unique.  Value '17/08/2011 9:43:21 SA, 9.4, HOSE' is already present.
17/08/2011 9:43:31 SA : update data from http://online.mhbs.vn/quote/hose.aspx HOSE
 - FetchData error Column 'onDate, stockCode, stockExchange' is constrained to be unique.  Value '17/08/2011 9:43:31 SA, 9.4, HOSE' is already present.
17/08/2011 9:43:41 SA : update data from http://online.mhbs.vn/quote/hose.aspx HOSE
 - FetchData error Column 'onDate, stockCode, stockExchange' is constrained to be unique.  Value '17/08/2011 9:43:41 SA, 9.4, HOSE' is already present.
17/08/2011 9:45:41 SA : update data from http://online.mhbs.vn/quote/hose.aspx HOSE
 - FetchData error Column 'onDate, stockCode, stockExchange' is constrained to be unique.  Value '17/08/2011 9:45:41 SA, 9.4, HOSE' is already present.
17/08/2011 9:45:51 SA : update data from http://online.mhbs.vn/quote/hose.aspx HOSE
 - FetchData error Column 'onDate, stockCode, stockExchange' is constrained to be unique.  Value '17/08/2011 9:45:51 SA, 9.4, HOSE' is already present.
17/08/2011 9:46:01 SA : update data from http://online.mhbs.vn/quote/hose.aspx HOSE
 - FetchData error Column 'onDate, stockCode, stockExchange' is constrained to be unique.  Value '17/08/2011 9:46:01 SA, 9.4, HOSE' is already present.
17/08/2011 9:46:11 SA : update data from http://online.mhbs.vn/quote/hose.aspx HOSE
 - FetchData error Column 'onDate, stockCode, stockExchange' is constrained to be unique.  Value '17/08/2011 9:46:11 SA, 9.4, HOSE' is already present.
17/08/2011 9:46:21 SA : update data from http://online.mhbs.vn/quote/hose.aspx HOSE
 - FetchData error Column 'onDate, stockCode, stockExchange' is constrained to be unique.  Value '17/08/2011 9:46:21 SA, 9.4, HOSE' is already present.
17/08/2011 9:46:31 SA : update data from http://online.mhbs.vn/quote/hose.aspx HOSE
 - FetchData error Column 'onDate, stockCode, stockExchange' is constrained to be unique.  Value '17/08/2011 9:46:31 SA, 9.4, HOSE' is already present.
17/08/2011 9:46:41 SA : update data from http://online.mhbs.vn/quote/hose.aspx HOSE
 - FetchData error Column 'onDate, stockCode, stockExchange' is constrained to be unique.  Value '17/08/2011 9:46:41 SA, 9.4, HOSE' is already present.
17/08/2011 9:46:51 SA : update data from http://online.mhbs.vn/quote/hose.aspx HOSE
 - FetchData error Column 'onDate, stockCode, stockExchange' is constrained to be unique.  Value '17/08/2011 9:46:51 SA, 9.4, HOSE' is already present.
17/08/2011 9:47:01 SA : update data from http://online.mhbs.vn/quote/hose.aspx HOSE
 - FetchData error Column 'onDate, stockCode, stockExchange' is constrained to be unique.  Value '17/08/2011 9:47:01 SA, 9.4, HOSE' is already present.
17/08/2011 9:47:11 SA : update data from http://online.mhbs.vn/quote/hose.aspx HOSE
 - FetchData error Column 'onDate, stockCode, stockExchange' is constrained to be unique.  Value '17/08/2011 9:47:11 SA, 9.4, HOSE' is already present.
17/08/2011 9:47:21 SA : update data from http://online.mhbs.vn/quote/hose.aspx HOSE
 - FetchData error Column 'onDate, stockCode, stockExchange' is constrained to be unique.  Value '17/08/2011 9:47:21 SA, 9.4, HOSE' is already present.
17/08/2011 9:47:31 SA : update data from http://online.mhbs.vn/quote/hose.aspx HOSE
 - FetchData error Column 'onDate, stockCode, stockExchange' is constrained to be unique.  Value '17/08/2011 9:47:31 SA, 9.4, HOSE' is already present.
17/08/2011 9:47:41 SA : update data from http://online.mhbs.vn/quote/hose.aspx HOSE
 - FetchData error Column 'onDate, stockCode, stockExchange' is constrained to be unique.  Value '17/08/2011 9:47:41 SA, 9.4, HOSE' is already present.
17/08/2011 9:47:51 SA : update data from http://online.mhbs.vn/quote/hose.aspx HOSE
 - FetchData error Column 'onDate, stockCode, stockExchange' is constrained to be unique.  Value '17/08/2011 9:47:51 SA, 9.4, HOSE' is already present.
17/08/2011 9:48:01 SA : update data from http://online.mhbs.vn/quote/hose.aspx HOSE
 - FetchData error Column 'onDate, stockCode, stockExchange' is constrained to be unique.  Value '17/08/2011 9:48:01 SA, 9.4, HOSE' is already present.
17/08/2011 9:48:11 SA : update data from http://online.mhbs.vn/quote/hose.aspx HOSE
 - FetchData error Column 'onDate, stockCode, stockExchange' is constrained to be unique.  Value '17/08/2011 9:48:11 SA, 9.4, HOSE' is already present.
17/08/2011 9:48:21 SA : update data from http://online.mhbs.vn/quote/hose.aspx HOSE
 - FetchData error Column 'onDate, stockCode, stockExchange' is constrained to be unique.  Value '17/08/2011 9:48:21 SA, 9.4, HOSE' is already present.
17/08/2011 9:48:31 SA : update data from http://online.mhbs.vn/quote/hose.aspx HOSE
 - FetchData error Column 'onDate, stockCode, stockExchange' is constrained to be unique.  Value '17/08/2011 9:48:31 SA, 9.4, HOSE' is already present.
17/08/2011 9:48:41 SA : update data from http://online.mhbs.vn/quote/hose.aspx HOSE
 - FetchData error Column 'onDate, stockCode, stockExchange' is constrained to be unique.  Value '17/08/2011 9:48:41 SA, 9.4, HOSE' is already present.
17/08/2011 9:48:51 SA : update data from http://online.mhbs.vn/quote/hose.aspx HOSE
 - FetchData error Column 'onDate, stockCode, stockExchange' is constrained to be unique.  Value '17/08/2011 9:48:51 SA, 9.4, HOSE' is already present.
17/08/2011 9:49:01 SA : update data from http://online.mhbs.vn/quote/hose.aspx HOSE
 - FetchData error Column 'onDate, stockCode, stockExchange' is constrained to be unique.  Value '17/08/2011 9:49:01 SA, 9.4, HOSE' is already present.
17/08/2011 9:49:11 SA : update data from http://online.mhbs.vn/quote/hose.aspx HOSE
 - FetchData error Column 'onDate, stockCode, stockExchange' is constrained to be unique.  Value '17/08/2011 9:49:11 SA, 9.4, HOSE' is already present.
17/08/2011 9:49:21 SA : update data from http://online.mhbs.vn/quote/hose.aspx HOSE
 - FetchData error Column 'onDate, stockCode, stockExchange' is constrained to be unique.  Value '17/08/2011 9:49:21 SA, 9.4, HOSE' is already present.
17/08/2011 9:49:31 SA : update data from http://online.mhbs.vn/quote/hose.aspx HOSE
 - FetchData error Column 'onDate, stockCode, stockExchange' is constrained to be unique.  Value '17/08/2011 9:49:31 SA, 9.4, HOSE' is already present.
17/08/2011 9:49:41 SA : update data from http://online.mhbs.vn/quote/hose.aspx HOSE
 - FetchData error Column 'onDate, stockCode, stockExchange' is constrained to be unique.  Value '17/08/2011 9:49:41 SA, 9.4, HOSE' is already present.
17/08/2011 9:49:51 SA : update data from http://online.mhbs.vn/quote/hose.aspx HOSE
 - FetchData error Column 'onDate, stockCode, stockExchange' is constrained to be unique.  Value '17/08/2011 9:49:51 SA, 9.4, HOSE' is already present.
17/08/2011 9:50:01 SA : update data from http://online.mhbs.vn/quote/hose.aspx HOSE
 - FetchData error Column 'onDate, stockCode, stockExchange' is constrained to be unique.  Value '17/08/2011 9:50:01 SA, 9.4, HOSE' is already present.
17/08/2011 9:50:11 SA : update data from http://online.mhbs.vn/quote/hose.aspx HOSE
 - FetchData error Column 'onDate, stockCode, stockExchange' is constrained to be unique.  Value '17/08/2011 9:50:11 SA, 9.4, HOSE' is already present.
17/08/2011 9:50:21 SA : update data from http://online.mhbs.vn/quote/hose.aspx HOSE
 - FetchData error Column 'onDate, stockCode, stockExchange' is constrained to be unique.  Value '17/08/2011 9:50:21 SA, 9.4, HOSE' is already present.
17/08/2011 9:50:31 SA : update data from http://online.mhbs.vn/quote/hose.aspx HOSE
 - FetchData error Column 'onDate, stockCode, stockExchange' is constrained to be unique.  Value '17/08/2011 9:50:31 SA, 9.4, HOSE' is already present.
17/08/2011 9:50:41 SA : update data from http://online.mhbs.vn/quote/hose.aspx HOSE
 - FetchData error Column 'onDate, stockCode, stockExchange' is constrained to be unique.  Value '17/08/2011 9:50:41 SA, 9.4, HOSE' is already present.
17/08/2011 9:50:51 SA : update data from http://online.mhbs.vn/quote/hose.aspx HOSE
 - FetchData error Column 'onDate, stockCode, stockExchange' is constrained to be unique.  Value '17/08/2011 9:50:51 SA, 9.4, HOSE' is already present.
17/08/2011 9:51:01 SA : update data from http://online.mhbs.vn/quote/hose.aspx HOSE
 - FetchData error Column 'onDate, stockCode, stockExchange' is constrained to be unique.  Value '17/08/2011 9:51:01 SA, 9.4, HOSE' is already present.
17/08/2011 9:51:11 SA : update data from http://online.mhbs.vn/quote/hose.aspx HOSE
 - FetchData error Column 'onDate, stockCode, stockExchange' is constrained to be unique.  Value '17/08/2011 9:51:11 SA, 9.4, HOSE' is already present.
17/08/2011 9:51:21 SA : update data from http://online.mhbs.vn/quote/hose.aspx HOSE
 - FetchData error Column 'onDate, stockCode, stockExchange' is constrained to be unique.  Value '17/08/2011 9:51:21 SA, 9.4, HOSE' is already present.
17/08/2011 9:51:31 SA : update data from http://online.mhbs.vn/quote/hose.aspx HOSE
 - FetchData error Column 'onDate, stockCode, stockExchange' is constrained to be unique.  Value '17/08/2011 9:51:31 SA, 9.4, HOSE' is already present.
17/08/2011 9:51:41 SA : update data from http://online.mhbs.vn/quote/hose.aspx HOSE
 - FetchData error Column 'onDate, stockCode, stockExchange' is constrained to be unique.  Value '17/08/2011 9:51:41 SA, 9.4, HOSE' is already present.
17/08/2011 9:51:51 SA : update data from http://online.mhbs.vn/quote/hose.aspx HOSE
 - FetchData error Column 'onDate, stockCode, stockExchange' is constrained to be unique.  Value '17/08/2011 9:51:51 SA, 9.4, HOSE' is already present.
17/08/2011 9:52:01 SA : update data from http://online.mhbs.vn/quote/hose.aspx HOSE
 - FetchData error Column 'onDate, stockCode, stockExchange' is constrained to be unique.  Value '17/08/2011 9:52:01 SA, 9.4, HOSE' is already present.
17/08/2011 9:52:11 SA : update data from http://online.mhbs.vn/quote/hose.aspx HOSE
 - FetchData error Column 'onDate, stockCode, stockExchange' is constrained to be unique.  Value '17/08/2011 9:52:11 SA, 9.4, HOSE' is already present.
17/08/2011 9:52:21 SA : update data from http://online.mhbs.vn/quote/hose.aspx HOSE
 - FetchData error Column 'onDate, stockCode, stockExchange' is constrained to be unique.  Value '17/08/2011 9:52:21 SA, 9.4, HOSE' is already present.
17/08/2011 9:52:31 SA : update data from http://online.mhbs.vn/quote/hose.aspx HOSE
 - FetchData error Column 'onDate, stockCode, stockExchange' is constrained to be unique.  Value '17/08/2011 9:52:31 SA, 9.4, HOSE' is already present.
17/08/2011 9:52:41 SA : update data from http://online.mhbs.vn/quote/hose.aspx HOSE
 - FetchData error Column 'onDate, stockCode, stockExchange' is constrained to be unique.  Value '17/08/2011 9:52:41 SA, 9.4, HOSE' is already present.
17/08/2011 9:52:51 SA : update data from http://online.mhbs.vn/quote/hose.aspx HOSE
 - FetchData error Column 'onDate, stockCode, stockExchange' is constrained to be unique.  Value '17/08/2011 9:52:51 SA, 9.4, HOSE' is already present.
17/08/2011 9:53:01 SA : update data from http://online.mhbs.vn/quote/hose.aspx HOSE
 - FetchData error Column 'onDate, stockCode, stockExchange' is constrained to be unique.  Value '17/08/2011 9:53:01 SA, 9.4, HOSE' is already present.
17/08/2011 9:53:11 SA : update data from http://online.mhbs.vn/quote/hose.aspx HOSE
 - FetchData error Column 'onDate, stockCode, stockExchange' is constrained to be unique.  Value '17/08/2011 9:53:11 SA, 9.4, HOSE' is already present.
17/08/2011 9:53:21 SA : update data from http://online.mhbs.vn/quote/hose.aspx HOSE
 - FetchData error Column 'onDate, stockCode, stockExchange' is constrained to be unique.  Value '17/08/2011 9:53:21 SA, 9.4, HOSE' is already present.
17/08/2011 9:53:31 SA : update data from http://online.mhbs.vn/quote/hose.aspx HOSE
 - FetchData error Column 'onDate, stockCode, stockExchange' is constrained to be unique.  Value '17/08/2011 9:53:31 SA, 9.4, HOSE' is already present.
17/08/2011 9:53:41 SA : update data from http://online.mhbs.vn/quote/hose.aspx HOSE
 - FetchData error Column 'onDate, stockCode, stockExchange' is constrained to be unique.  Value '17/08/2011 9:53:41 SA, 9.4, HOSE' is already present.
17/08/2011 9:53:51 SA : update data from http://online.mhbs.vn/quote/hose.aspx HOSE
 - FetchData error Column 'onDate, stockCode, stockExchange' is constrained to be unique.  Value '17/08/2011 9:53:51 SA, 9.4, HOSE' is already present.
17/08/2011 9:54:01 SA : update data from http://online.mhbs.vn/quote/hose.aspx HOSE
 - FetchData error Column 'onDate, stockCode, stockExchange' is constrained to be unique.  Value '17/08/2011 9:54:01 SA, 9.4, HOSE' is already present.
17/08/2011 9:54:11 SA : update data from http://online.mhbs.vn/quote/hose.aspx HOSE
 - FetchData error Column 'onDate, stockCode, stockExchange' is constrained to be unique.  Value '17/08/2011 9:54:11 SA, 9.4, HOSE' is already present.
17/08/2011 9:54:21 SA : update data from http://online.mhbs.vn/quote/hose.aspx HOSE
 - FetchData error Column 'onDate, stockCode, stockExchange' is constrained to be unique.  Value '17/08/2011 9:54:21 SA, 9.4, HOSE' is already present.
17/08/2011 9:54:31 SA : update data from http://online.mhbs.vn/quote/hose.aspx HOSE
 - FetchData error Column 'onDate, stockCode, stockExchange' is constrained to be unique.  Value '17/08/2011 9:54:31 SA, 9.4, HOSE' is already present.
17/08/2011 9:54:41 SA : update data from http://online.mhbs.vn/quote/hose.aspx HOSE
 - FetchData error Column 'onDate, stockCode, stockExchange' is constrained to be unique.  Value '17/08/2011 9:54:41 SA, 9.4, HOSE' is already present.
17/08/2011 9:54:51 SA : update data from http://online.mhbs.vn/quote/hose.aspx HOSE
 - FetchData error Column 'onDate, stockCode, stockExchange' is constrained to be unique.  Value '17/08/2011 9:54:51 SA, 9.4, HOSE' is already present.
17/08/2011 9:55:01 SA : update data from http://online.mhbs.vn/quote/hose.aspx HOSE
 - FetchData error Column 'onDate, stockCode, stockExchange' is constrained to be unique.  Value '17/08/2011 9:55:01 SA, 9.4, HOSE' is already present.
17/08/2011 9:55:11 SA : update data from http://online.mhbs.vn/quote/hose.aspx HOSE
 - FetchData error Column 'onDate, stockCode, stockExchange' is constrained to be unique.  Value '17/08/2011 9:55:11 SA, 9.4, HOSE' is already present.
17/08/2011 9:55:21 SA : update data from http://online.mhbs.vn/quote/hose.aspx HOSE
 - FetchData error Column 'onDate, stockCode, stockExchange' is constrained to be unique.  Value '17/08/2011 9:55:21 SA, 9.4, HOSE' is already present.
17/08/2011 9:55:31 SA : update data from http://online.mhbs.vn/quote/hose.aspx HOSE
 - FetchData error Column 'onDate, stockCode, stockExchange' is constrained to be unique.  Value '17/08/2011 9:55:31 SA, 9.4, HOSE' is already present.
17/08/2011 9:55:41 SA : update data from http://online.mhbs.vn/quote/hose.aspx HOSE
 - FetchData error Column 'onDate, stockCode, stockExchange' is constrained to be unique.  Value '17/08/2011 9:55:41 SA, 9.4, HOSE' is already present.
17/08/2011 9:55:51 SA : update data from http://online.mhbs.vn/quote/hose.aspx HOSE
 - FetchData error Column 'onDate, stockCode, stockExchange' is constrained to be unique.  Value '17/08/2011 9:55:51 SA, 9.4, HOSE' is already present.
17/08/2011 9:56:01 SA : update data from http://online.mhbs.vn/quote/hose.aspx HOSE
 - FetchData error Column 'onDate, stockCode, stockExchange' is constrained to be unique.  Value '17/08/2011 9:56:01 SA, 9.4, HOSE' is already present.
17/08/2011 9:56:11 SA : update data from http://online.mhbs.vn/quote/hose.aspx HOSE
 - FetchData error Column 'onDate, stockCode, stockExchange' is constrained to be unique.  Value '17/08/2011 9:56:11 SA, 9.4, HOSE' is already present.
17/08/2011 9:56:21 SA : update data from http://online.mhbs.vn/quote/hose.aspx HOSE
 - FetchData error Column 'onDate, stockCode, stockExchange' is constrained to be unique.  Value '17/08/2011 9:56:21 SA, 9.4, HOSE' is already present.
17/08/2011 9:56:31 SA : update data from http://online.mhbs.vn/quote/hose.aspx HOSE
 - FetchData error Column 'onDate, stockCode, stockExchange' is constrained to be unique.  Value '17/08/2011 9:56:31 SA, 9.4, HOSE' is already present.
17/08/2011 9:56:41 SA : update data from http://online.mhbs.vn/quote/hose.aspx HOSE
 - FetchData error Column 'onDate, stockCode, stockExchange' is constrained to be unique.  Value '17/08/2011 9:56:41 SA, 9.4, HOSE' is already present.
17/08/2011 9:56:51 SA : update data from http://online.mhbs.vn/quote/hose.aspx HOSE
 - FetchData error Column 'onDate, stockCode, stockExchange' is constrained to be unique.  Value '17/08/2011 9:56:51 SA, 9.4, HOSE' is already present.
17/08/2011 9:57:01 SA : update data from http://online.mhbs.vn/quote/hose.aspx HOSE
 - FetchData error Column 'onDate, stockCode, stockExchange' is constrained to be unique.  Value '17/08/2011 9:57:01 SA, 9.4, HOSE' is already present.
17/08/2011 9:57:11 SA : update data from http://online.mhbs.vn/quote/hose.aspx HOSE
 - FetchData error Column 'onDate, stockCode, stockExchange' is constrained to be unique.  Value '17/08/2011 9:57:11 SA, 9.4, HOSE' is already present.
17/08/2011 9:57:21 SA : update data from http://online.mhbs.vn/quote/hose.aspx HOSE
 - FetchData error Column 'onDate, stockCode, stockExchange' is constrained to be unique.  Value '17/08/2011 9:57:21 SA, 9.4, HOSE' is already present.
17/08/2011 9:57:31 SA : update data from http://online.mhbs.vn/quote/hose.aspx HOSE
 - FetchData error Column 'onDate, stockCode, stockExchange' is constrained to be unique.  Value '17/08/2011 9:57:31 SA, 9.4, HOSE' is already present.
17/08/2011 9:57:41 SA : update data from http://online.mhbs.vn/quote/hose.aspx HOSE
 - FetchData error Column 'onDate, stockCode, stockExchange' is constrained to be unique.  Value '17/08/2011 9:57:41 SA, 9.4, HOSE' is already present.
17/08/2011 9:57:51 SA : update data from http://online.mhbs.vn/quote/hose.aspx HOSE
 - FetchData error Column 'onDate, stockCode, stockExchange' is constrained to be unique.  Value '17/08/2011 9:57:51 SA, 9.4, HOSE' is already present.
17/08/2011 9:58:01 SA : update data from http://online.mhbs.vn/quote/hose.aspx HOSE
 - FetchData error Column 'onDate, stockCode, stockExchange' is constrained to be unique.  Value '17/08/2011 9:58:01 SA, 9.4, HOSE' is already present.
17/08/2011 9:58:11 SA : update data from http://online.mhbs.vn/quote/hose.aspx HOSE
 - FetchData error Column 'onDate, stockCode, stockExchange' is constrained to be unique.  Value '17/08/2011 9:58:11 SA, 9.4, HOSE' is already present.
17/08/2011 9:58:21 SA : update data from http://online.mhbs.vn/quote/hose.aspx HOSE
 - FetchData error Column 'onDate, stockCode, stockExchange' is constrained to be unique.  Value '17/08/2011 9:58:21 SA, 9.4, HOSE' is already present.
17/08/2011 9:58:31 SA : update data from http://online.mhbs.vn/quote/hose.aspx HOSE
 - FetchData error Column 'onDate, stockCode, stockExchange' is constrained to be unique.  Value '17/08/2011 9:58:31 SA, 9.4, HOSE' is already present.
17/08/2011 9:58:41 SA : update data from http://online.mhbs.vn/quote/hose.aspx HOSE
 - FetchData error Column 'onDate, stockCode, stockExchange' is constrained to be unique.  Value '17/08/2011 9:58:41 SA, 9.4, HOSE' is already present.
17/08/2011 9:58:51 SA : update data from http://online.mhbs.vn/quote/hose.aspx HOSE
 - FetchData error Column 'onDate, stockCode, stockExchange' is constrained to be unique.  Value '17/08/2011 9:58:51 SA, 9.4, HOSE' is already present.
17/08/2011 9:59:01 SA : update data from http://online.mhbs.vn/quote/hose.aspx HOSE
 - FetchData error Column 'onDate, stockCode, stockExchange' is constrained to be unique.  Value '17/08/2011 9:59:01 SA, 9.4, HOSE' is already present.
17/08/2011 9:59:11 SA : update data from http://online.mhbs.vn/quote/hose.aspx HOSE
 - FetchData error Column 'onDate, stockCode, stockExchange' is constrained to be unique.  Value '17/08/2011 9:59:11 SA, 9.4, HOSE' is already present.
17/08/2011 9:59:21 SA : update data from http://online.mhbs.vn/quote/hose.aspx HOSE
 - FetchData error Column 'onDate, stockCode, stockExchange' is constrained to be unique.  Value '17/08/2011 9:59:21 SA, 9.4, HOSE' is already present.
17/08/2011 9:59:31 SA : update data from http://online.mhbs.vn/quote/hose.aspx HOSE
 - FetchData error Column 'onDate, stockCode, stockExchange' is constrained to be unique.  Value '17/08/2011 9:59:31 SA, 9.4, HOSE' is already present.
17/08/2011 9:59:41 SA : update data from http://online.mhbs.vn/quote/hose.aspx HOSE
 - FetchData error Column 'onDate, stockCode, stockExchange' is constrained to be unique.  Value '17/08/2011 9:59:41 SA, 9.4, HOSE' is already present.
17/08/2011 9:59:51 SA : update data from http://online.mhbs.vn/quote/hose.aspx HOSE
 - FetchData error Column 'onDate, stockCode, stockExchange' is constrained to be unique.  Value '17/08/2011 9:59:51 SA, 9.4, HOSE' is already present.
17/08/2011 10:00:01 SA : update data from http://online.mhbs.vn/quote/hose.aspx HOSE
 - FetchData error Column 'onDate, stockCode, stockExchange' is constrained to be unique.  Value '17/08/2011 10:00:01 SA, 9.4, HOSE' is already present.
17/08/2011 10:00:11 SA : update data from http://online.mhbs.vn/quote/hose.aspx HOSE
 - FetchData error Column 'onDate, stockCode, stockExchange' is constrained to be unique.  Value '17/08/2011 10:00:11 SA, 9.4, HOSE' is already present.
17/08/2011 10:00:21 SA : update data from http://online.mhbs.vn/quote/hose.aspx HOSE
 - FetchData error Column 'onDate, stockCode, stockExchange' is constrained to be unique.  Value '17/08/2011 10:00:21 SA, 9.4, HOSE' is already present.
17/08/2011 10:00:31 SA : update data from http://online.mhbs.vn/quote/hose.aspx HOSE
 - FetchData error Column 'onDate, stockCode, stockExchange' is constrained to be unique.  Value '17/08/2011 10:00:31 SA, 9.4, HOSE' is already present.
17/08/2011 10:00:41 SA : update data from http://online.mhbs.vn/quote/hose.aspx HOSE
 - FetchData error Column 'onDate, stockCode, stockExchange' is constrained to be unique.  Value '17/08/2011 10:00:41 SA, 9.4, HOSE' is already present.
17/08/2011 10:00:51 SA : update data from http://online.mhbs.vn/quote/hose.aspx HOSE
 - FetchData error Column 'onDate, stockCode, stockExchange' is constrained to be unique.  Value '17/08/2011 10:00:51 SA, 9.4, HOSE' is already present.
17/08/2011 10:01:01 SA : update data from http://online.mhbs.vn/quote/hose.aspx HOSE
 - FetchData error Column 'onDate, stockCode, stockExchange' is constrained to be unique.  Value '17/08/2011 10:01:01 SA, 9.4, HOSE' is already present.
17/08/2011 10:01:11 SA : update data from http://online.mhbs.vn/quote/hose.aspx HOSE
 - FetchData error Column 'onDate, stockCode, stockExchange' is constrained to be unique.  Value '17/08/2011 10:01:11 SA, 9.4, HOSE' is already present.
17/08/2011 10:01:21 SA : update data from http://online.mhbs.vn/quote/hose.aspx HOSE
 - FetchData error Column 'onDate, stockCode, stockExchange' is constrained to be unique.  Value '17/08/2011 10:01:21 SA, 9.4, HOSE' is already present.
17/08/2011 10:01:31 SA : update data from http://online.mhbs.vn/quote/hose.aspx HOSE
 - FetchData error Column 'onDate, stockCode, stockExchange' is constrained to be unique.  Value '17/08/2011 10:01:31 SA, 9.4, HOSE' is already present.
17/08/2011 10:01:41 SA : update data from http://online.mhbs.vn/quote/hose.aspx HOSE
 - FetchData error Column 'onDate, stockCode, stockExchange' is constrained to be unique.  Value '17/08/2011 10:01:41 SA, 9.4, HOSE' is already present.
17/08/2011 10:01:51 SA : update data from http://online.mhbs.vn/quote/hose.aspx HOSE
 - FetchData error Column 'onDate, stockCode, stockExchange' is constrained to be unique.  Value '17/08/2011 10:01:51 SA, 9.4, HOSE' is already present.
17/08/2011 10:02:02 SA : update data from http://online.mhbs.vn/quote/hose.aspx HOSE
 - FetchData error Column 'onDate, stockCode, stockExchange' is constrained to be unique.  Value '17/08/2011 10:02:02 SA, 9.4, HOSE' is already present.
17/08/2011 10:02:12 SA : update data from http://online.mhbs.vn/quote/hose.aspx HOSE
 - FetchData error Column 'onDate, stockCode, stockExchange' is constrained to be unique.  Value '17/08/2011 10:02:12 SA, 9.4, HOSE' is already present.
17/08/2011 10:02:22 SA : update data from http://online.mhbs.vn/quote/hose.aspx HOSE
 - FetchData error Column 'onDate, stockCode, stockExchange' is constrained to be unique.  Value '17/08/2011 10:02:22 SA, 9.4, HOSE' is already present.
17/08/2011 10:02:32 SA : update data from http://online.mhbs.vn/quote/hose.aspx HOSE
 - FetchData error Column 'onDate, stockCode, stockExchange' is constrained to be unique.  Value '17/08/2011 10:02:32 SA, 9.4, HOSE' is already present.
17/08/2011 10:02:42 SA : update data from http://online.mhbs.vn/quote/hose.aspx HOSE
 - FetchData error Column 'onDate, stockCode, stockExchange' is constrained to be unique.  Value '17/08/2011 10:02:42 SA, 9.4, HOSE' is already present.
17/08/2011 10:02:52 SA : update data from http://online.mhbs.vn/quote/hose.aspx HOSE
 - FetchData error Column 'onDate, stockCode, stockExchange' is constrained to be unique.  Value '17/08/2011 10:02:52 SA, 9.4, HOSE' is already present.
17/08/2011 10:03:02 SA : update data from http://online.mhbs.vn/quote/hose.aspx HOSE
 - FetchData error Column 'onDate, stockCode, stockExchange' is constrained to be unique.  Value '17/08/2011 10:03:02 SA, 9.4, HOSE' is already present.
17/08/2011 10:03:12 SA : update data from http://online.mhbs.vn/quote/hose.aspx HOSE
 - FetchData error Column 'onDate, stockCode, stockExchange' is constrained to be unique.  Value '17/08/2011 10:03:12 SA, 9.4, HOSE' is already present.
17/08/2011 10:03:22 SA : update data from http://online.mhbs.vn/quote/hose.aspx HOSE
 - FetchData error Column 'onDate, stockCode, stockExchange' is constrained to be unique.  Value '17/08/2011 10:03:22 SA, 9.4, HOSE' is already present.
17/08/2011 10:03:32 SA : update data from http://online.mhbs.vn/quote/hose.aspx HOSE
 - FetchData error Column 'onDate, stockCode, stockExchange' is constrained to be unique.  Value '17/08/2011 10:03:32 SA, 9.4, HOSE' is already present.
17/08/2011 10:03:42 SA : update data from http://online.mhbs.vn/quote/hose.aspx HOSE
 - FetchData error Column 'onDate, stockCode, stockExchange' is constrained to be unique.  Value '17/08/2011 10:03:42 SA, 9.4, HOSE' is already present.
17/08/2011 10:03:52 SA : update data from http://online.mhbs.vn/quote/hose.aspx HOSE
 - FetchData error Column 'onDate, stockCode, stockExchange' is constrained to be unique.  Value '17/08/2011 10:03:52 SA, 9.4, HOSE' is already present.
17/08/2011 10:04:02 SA : update data from http://online.mhbs.vn/quote/hose.aspx HOSE
 - FetchData error Column 'onDate, stockCode, stockExchange' is constrained to be unique.  Value '17/08/2011 10:04:02 SA, 9.4, HOSE' is already present.
17/08/2011 10:04:12 SA : update data from http://online.mhbs.vn/quote/hose.aspx HOSE
 - FetchData error Column 'onDate, stockCode, stockExchange' is constrained to be unique.  Value '17/08/2011 10:04:12 SA, 9.4, HOSE' is already present.
17/08/2011 10:04:22 SA : update data from http://online.mhbs.vn/quote/hose.aspx HOSE
 - FetchData error Column 'onDate, stockCode, stockExchange' is constrained to be unique.  Value '17/08/2011 10:04:22 SA, 9.4, HOSE' is already present.
17/08/2011 10:04:32 SA : update data from http://online.mhbs.vn/quote/hose.aspx HOSE
 - FetchData error Column 'onDate, stockCode, stockExchange' is constrained to be unique.  Value '17/08/2011 10:04:32 SA, 9.4, HOSE' is already present.
17/08/2011 10:04:42 SA : update data from http://online.mhbs.vn/quote/hose.aspx HOSE
 - FetchData error Column 'onDate, stockCode, stockExchange' is constrained to be unique.  Value '17/08/2011 10:04:42 SA, 9.4, HOSE' is already present.
17/08/2011 10:04:52 SA : update data from http://online.mhbs.vn/quote/hose.aspx HOSE
 - FetchData error Column 'onDate, stockCode, stockExchange' is constrained to be unique.  Value '17/08/2011 10:04:52 SA, 9.4, HOSE' is already present.
17/08/2011 10:05:02 SA : update data from http://online.mhbs.vn/quote/hose.aspx HOSE
 - FetchData error Column 'onDate, stockCode, stockExchange' is constrained to be unique.  Value '17/08/2011 10:05:02 SA, 9.4, HOSE' is already present.
17/08/2011 10:05:12 SA : update data from http://online.mhbs.vn/quote/hose.aspx HOSE
 - FetchData error Column 'onDate, stockCode, stockExchange' is constrained to be unique.  Value '17/08/2011 10:05:12 SA, 9.4, HOSE' is already present.
17/08/2011 10:05:22 SA : update data from http://online.mhbs.vn/quote/hose.aspx HOSE
 - FetchData error Column 'onDate, stockCode, stockExchange' is constrained to be unique.  Value '17/08/2011 10:05:22 SA, 9.4, HOSE' is already present.
17/08/2011 10:05:32 SA : update data from http://online.mhbs.vn/quote/hose.aspx HOSE
 - FetchData error Column 'onDate, stockCode, stockExchange' is constrained to be unique.  Value '17/08/2011 10:05:32 SA, 9.4, HOSE' is already present.
17/08/2011 10:05:42 SA : update data from http://online.mhbs.vn/quote/hose.aspx HOSE
 - FetchData error Column 'onDate, stockCode, stockExchange' is constrained to be unique.  Value '17/08/2011 10:05:42 SA, 9.4, HOSE' is already present.
17/08/2011 10:05:52 SA : update data from http://online.mhbs.vn/quote/hose.aspx HOSE
 - FetchData error Column 'onDate, stockCode, stockExchange' is constrained to be unique.  Value '17/08/2011 10:05:52 SA, 9.4, HOSE' is already present.
17/08/2011 10:06:02 SA : update data from http://online.mhbs.vn/quote/hose.aspx HOSE
 - FetchData error Column 'onDate, stockCode, stockExchange' is constrained to be unique.  Value '17/08/2011 10:06:02 SA, 9.4, HOSE' is already present.
17/08/2011 10:06:12 SA : update data from http://online.mhbs.vn/quote/hose.aspx HOSE
 - FetchData error Column 'onDate, stockCode, stockExchange' is constrained to be unique.  Value '17/08/2011 10:06:12 SA, 9.4, HOSE' is already present.
17/08/2011 10:06:22 SA : update data from http://online.mhbs.vn/quote/hose.aspx HOSE
 - FetchData error Column 'onDate, stockCode, stockExchange' is constrained to be unique.  Value '17/08/2011 10:06:22 SA, 9.4, HOSE' is already present.
17/08/2011 10:06:32 SA : update data from http://online.mhbs.vn/quote/hose.aspx HOSE
 - FetchData error Column 'onDate, stockCode, stockExchange' is constrained to be unique.  Value '17/08/2011 10:06:32 SA, 9.4, HOSE' is already present.
17/08/2011 10:06:42 SA : update data from http://online.mhbs.vn/quote/hose.aspx HOSE
 - FetchData error Column 'onDate, stockCode, stockExchange' is constrained to be unique.  Value '17/08/2011 10:06:42 SA, 9.4, HOSE' is already present.
17/08/2011 10:06:52 SA : update data from http://online.mhbs.vn/quote/hose.aspx HOSE
 - FetchData error Column 'onDate, stockCode, stockExchange' is constrained to be unique.  Value '17/08/2011 10:06:52 SA, 9.4, HOSE' is already present.
17/08/2011 10:07:02 SA : update data from http://online.mhbs.vn/quote/hose.aspx HOSE
 - FetchData error Column 'onDate, stockCode, stockExchange' is constrained to be unique.  Value '17/08/2011 10:07:02 SA, 9.4, HOSE' is already present.
17/08/2011 10:07:12 SA : update data from http://online.mhbs.vn/quote/hose.aspx HOSE
 - FetchData error Column 'onDate, stockCode, stockExchange' is constrained to be unique.  Value '17/08/2011 10:07:12 SA, 9.4, HOSE' is already present.
17/08/2011 10:07:22 SA : update data from http://online.mhbs.vn/quote/hose.aspx HOSE
 - FetchData error Column 'onDate, stockCode, stockExchange' is constrained to be unique.  Value '17/08/2011 10:07:22 SA, 9.4, HOSE' is already present.
17/08/2011 10:07:32 SA : update data from http://online.mhbs.vn/quote/hose.aspx HOSE
 - FetchData error Column 'onDate, stockCode, stockExchange' is constrained to be unique.  Value '17/08/2011 10:07:32 SA, 9.4, HOSE' is already present.
17/08/2011 10:07:42 SA : update data from http://online.mhbs.vn/quote/hose.aspx HOSE
 - FetchData error Column 'onDate, stockCode, stockExchange' is constrained to be unique.  Value '17/08/2011 10:07:42 SA, 9.4, HOSE' is already present.
17/08/2011 10:07:52 SA : update data from http://online.mhbs.vn/quote/hose.aspx HOSE
 - FetchData error Column 'onDate, stockCode, stockExchange' is constrained to be unique.  Value '17/08/2011 10:07:52 SA, 9.4, HOSE' is already present.
17/08/2011 10:08:02 SA : update data from http://online.mhbs.vn/quote/hose.aspx HOSE
 - FetchData error Column 'onDate, stockCode, stockExchange' is constrained to be unique.  Value '17/08/2011 10:08:02 SA, 9.4, HOSE' is already present.
17/08/2011 10:08:12 SA : update data from http://online.mhbs.vn/quote/hose.aspx HOSE
 - FetchData error Column 'onDate, stockCode, stockExchange' is constrained to be unique.  Value '17/08/2011 10:08:12 SA, 9.4, HOSE' is already present.
17/08/2011 10:08:22 SA : update data from http://online.mhbs.vn/quote/hose.aspx HOSE
 - FetchData error Column 'onDate, stockCode, stockExchange' is constrained to be unique.  Value '17/08/2011 10:08:22 SA, 9.4, HOSE' is already present.
17/08/2011 10:08:32 SA : update data from http://online.mhbs.vn/quote/hose.aspx HOSE
 - FetchData error Column 'onDate, stockCode, stockExchange' is constrained to be unique.  Value '17/08/2011 10:08:32 SA, 9.4, HOSE' is already present.
17/08/2011 10:08:42 SA : update data from http://online.mhbs.vn/quote/hose.aspx HOSE
 - FetchData error Column 'onDate, stockCode, stockExchange' is constrained to be unique.  Value '17/08/2011 10:08:42 SA, 9.4, HOSE' is already present.
17/08/2011 10:08:52 SA : update data from http://online.mhbs.vn/quote/hose.aspx HOSE
 - FetchData error Column 'onDate, stockCode, stockExchange' is constrained to be unique.  Value '17/08/2011 10:08:52 SA, 9.4, HOSE' is already present.
17/08/2011 10:09:02 SA : update data from http://online.mhbs.vn/quote/hose.aspx HOSE
 - FetchData error Column 'onDate, stockCode, stockExchange' is constrained to be unique.  Value '17/08/2011 10:09:02 SA, 9.4, HOSE' is already present.
17/08/2011 10:09:12 SA : update data from http://online.mhbs.vn/quote/hose.aspx HOSE
 - FetchData error Column 'onDate, stockCode, stockExchange' is constrained to be unique.  Value '17/08/2011 10:09:12 SA, 9.4, HOSE' is already present.
17/08/2011 10:09:22 SA : update data from http://online.mhbs.vn/quote/hose.aspx HOSE
 - FetchData error Column 'onDate, stockCode, stockExchange' is constrained to be unique.  Value '17/08/2011 10:09:22 SA, 9.4, HOSE' is already present.
17/08/2011 10:09:32 SA : update data from http://online.mhbs.vn/quote/hose.aspx HOSE
 - FetchData error Column 'onDate, stockCode, stockExchange' is constrained to be unique.  Value '17/08/2011 10:09:32 SA, 9.4, HOSE' is already present.
17/08/2011 10:09:42 SA : update data from http://online.mhbs.vn/quote/hose.aspx HOSE
 - FetchData error Column 'onDate, stockCode, stockExchange' is constrained to be unique.  Value '17/08/2011 10:09:42 SA, 9.4, HOSE' is already present.
17/08/2011 10:09:52 SA : update data from http://online.mhbs.vn/quote/hose.aspx HOSE
 - FetchData error Column 'onDate, stockCode, stockExchange' is constrained to be unique.  Value '17/08/2011 10:09:52 SA, 9.4, HOSE' is already present.
17/08/2011 10:10:02 SA : update data from http://online.mhbs.vn/quote/hose.aspx HOSE
 - FetchData error Column 'onDate, stockCode, stockExchange' is constrained to be unique.  Value '17/08/2011 10:10:02 SA, 9.4, HOSE' is already present.
17/08/2011 10:10:12 SA : update data from http://online.mhbs.vn/quote/hose.aspx HOSE
 - FetchData error Column 'onDate, stockCode, stockExchange' is constrained to be unique.  Value '17/08/2011 10:10:12 SA, 9.4, HOSE' is already present.
17/08/2011 10:10:22 SA : update data from http://online.mhbs.vn/quote/hose.aspx HOSE
 - FetchData error Column 'onDate, stockCode, stockExchange' is constrained to be unique.  Value '17/08/2011 10:10:22 SA, 9.4, HOSE' is already present.
17/08/2011 10:10:32 SA : update data from http://online.mhbs.vn/quote/hose.aspx HOSE
 - FetchData error Column 'onDate, stockCode, stockExchange' is constrained to be unique.  Value '17/08/2011 10:10:32 SA, 9.4, HOSE' is already present.
17/08/2011 10:10:42 SA : update data from http://online.mhbs.vn/quote/hose.aspx HOSE
 - FetchData error Column 'onDate, stockCode, stockExchange' is constrained to be unique.  Value '17/08/2011 10:10:42 SA, 9.4, HOSE' is already present.
17/08/2011 10:10:52 SA : update data from http://online.mhbs.vn/quote/hose.aspx HOSE
 - FetchData error Column 'onDate, stockCode, stockExchange' is constrained to be unique.  Value '17/08/2011 10:10:52 SA, 9.4, HOSE' is already present.
17/08/2011 10:11:02 SA : update data from http://online.mhbs.vn/quote/hose.aspx HOSE
 - FetchData error Column 'onDate, stockCode, stockExchange' is constrained to be unique.  Value '17/08/2011 10:11:02 SA, 9.4, HOSE' is already present.
17/08/2011 10:11:12 SA : update data from http://online.mhbs.vn/quote/hose.aspx HOSE
 - FetchData error Column 'onDate, stockCode, stockExchange' is constrained to be unique.  Value '17/08/2011 10:11:12 SA, 9.4, HOSE' is already present.
17/08/2011 10:11:22 SA : update data from http://online.mhbs.vn/quote/hose.aspx HOSE
 - FetchData error Column 'onDate, stockCode, stockExchange' is constrained to be unique.  Value '17/08/2011 10:11:22 SA, 9.4, HOSE' is already present.
17/08/2011 10:11:32 SA : update data from http://online.mhbs.vn/quote/hose.aspx HOSE
 - FetchData error Column 'onDate, stockCode, stockExchange' is constrained to be unique.  Value '17/08/2011 10:11:32 SA, 9.4, HOSE' is already present.
17/08/2011 10:11:42 SA : update data from http://online.mhbs.vn/quote/hose.aspx HOSE
 - FetchData error Column 'onDate, stockCode, stockExchange' is constrained to be unique.  Value '17/08/2011 10:11:42 SA, 9.4, HOSE' is already present.
17/08/2011 10:11:52 SA : update data from http://online.mhbs.vn/quote/hose.aspx HOSE
 - FetchData error Column 'onDate, stockCode, stockExchange' is constrained to be unique.  Value '17/08/2011 10:11:52 SA, 9.4, HOSE' is already present.
17/08/2011 10:12:02 SA : update data from http://online.mhbs.vn/quote/hose.aspx HOSE
 - FetchData error Column 'onDate, stockCode, stockExchange' is constrained to be unique.  Value '17/08/2011 10:12:02 SA, 9.4, HOSE' is already present.
17/08/2011 10:12:12 SA : update data from http://online.mhbs.vn/quote/hose.aspx HOSE
 - FetchData error Column 'onDate, stockCode, stockExchange' is constrained to be unique.  Value '17/08/2011 10:12:12 SA, 9.4, HOSE' is already present.
17/08/2011 10:12:22 SA : update data from http://online.mhbs.vn/quote/hose.aspx HOSE
 - FetchData error Column 'onDate, stockCode, stockExchange' is constrained to be unique.  Value '17/08/2011 10:12:22 SA, 9.4, HOSE' is already present.
17/08/2011 10:12:32 SA : update data from http://online.mhbs.vn/quote/hose.aspx HOSE
 - FetchData error Column 'onDate, stockCode, stockExchange' is constrained to be unique.  Value '17/08/2011 10:12:32 SA, 9.4, HOSE' is already present.
17/08/2011 10:12:42 SA : update data from http://online.mhbs.vn/quote/hose.aspx HOSE
 - FetchData error Column 'onDate, stockCode, stockExchange' is constrained to be unique.  Value '17/08/2011 10:12:42 SA, 9.4, HOSE' is already present.
17/08/2011 10:12:52 SA : update data from http://online.mhbs.vn/quote/hose.aspx HOSE
 - FetchData error Column 'onDate, stockCode, stockExchange' is constrained to be unique.  Value '17/08/2011 10:12:52 SA, 9.4, HOSE' is already present.
17/08/2011 10:13:02 SA : update data from http://online.mhbs.vn/quote/hose.aspx HOSE
 - FetchData error Column 'onDate, stockCode, stockExchange' is constrained to be unique.  Value '17/08/2011 10:13:02 SA, 9.4, HOSE' is already present.
17/08/2011 10:13:12 SA : update data from http://online.mhbs.vn/quote/hose.aspx HOSE
 - FetchData error Column 'onDate, stockCode, stockExchange' is constrained to be unique.  Value '17/08/2011 10:13:12 SA, 9.4, HOSE' is already present.
17/08/2011 10:13:22 SA : update data from http://online.mhbs.vn/quote/hose.aspx HOSE
 - FetchData error Column 'onDate, stockCode, stockExchange' is constrained to be unique.  Value '17/08/2011 10:13:22 SA, 9.4, HOSE' is already present.
